#
# A fatal error has been detected by the Java Runtime Environment:
#
#  EXCEPTION_ACCESS_VIOLATION (0xc0000005) at pc=0x000000006d17e8c0, pid=7692, tid=17128
#
# JRE version: 6.0_45-b06
# Java VM: Java HotSpot(TM) 64-Bit Server VM (20.45-b01 mixed mode windows-amd64 compressed oops)
# Problematic frame:
# C  [awt.dll+0xde8c0]
#
# If you would like to submit a bug report, please visit:
#   http://java.sun.com/webapps/bugreport/crash.jsp
# The crash happened outside the Java Virtual Machine in native code.
# See problematic frame for where to report the bug.
#

---------------  T H R E A D  ---------------

Current thread (0x0000000009c32000):  JavaThread "AWT-EventQueue-0" [_thread_in_native, id=17128, stack(0x000000000a8c0000,0x000000000a9c0000)]

siginfo: ExceptionCode=0xc0000005, reading address 0x0000000000000008

Registers:
RAX=0x000000000000000d, RBX=0x0000000009c321d0, RCX=0x0000000000000000, RDX=0xffffffffed013650
RSP=0x000000000a9bd278, RBP=0x0000000009c321d0, RSI=0x000000000be662f0, RDI=0x0000000009fd2940
R8 =0x000000000000a2f0, R9 =0x0000000002f30000, R10=0x0000000000ed3650, R11=0x0000000000000246
R12=0xffffffffed013650, R13=0x0000000000000000, R14=0x0000000013d129a0, R15=0x0000000009c32000
RIP=0x000000006d17e8c0, EFLAGS=0x0000000000010202

Top of Stack: (sp=0x000000000a9bd278)
0x000000000a9bd278:   000000006d126844 0000000009c321d0
0x000000000a9bd288:   000000000be662f0 000000000049414e
0x000000000a9bd298:   000000000049414e 0000000000000037
0x000000000a9bd2a8:   0000000009c321d0 0000000000000000
0x000000000a9bd2b8:   000000006d103f70 0000000009c321d0
0x000000000a9bd2c8:   000000000a9bd998 000000000a9bda10
0x000000000a9bd2d8:   000000000be662f0 0000015600000000
0x000000000a9bd2e8:   000000006d1230e1 00000000000002fd
0x000000000a9bd2f8:   000000000a9bda08 00000007e1cf2a60
0x000000000a9bd308:   000000000a9bda10 0000000000000001
0x000000000a9bd318:   0000000005f666b8 00000007e26a58f8
0x000000000a9bd328:   00000000ffa0a0a0 00000000fc4d4b1f
0x000000000a9bd338:   0000000005b4d944 00000007891f2740
0x000000000a9bd348:   000000078a5c8bb8 00000000fc4d4b1f
0x000000000a9bd358:   0000000005b4d944 ffffffff00000300
0x000000000a9bd368:   0000000787879070 0000000000000007 

Instructions: (pc=0x000000006d17e8c0)
0x000000006d17e8a0:   48 8b 41 08 48 05 00 04 00 00 c3 cc cc cc cc cc
0x000000006d17e8b0:   48 8b 41 08 48 8b 80 18 0c 00 00 c3 cc cc cc cc
0x000000006d17e8c0:   48 8b 49 08 48 85 c9 74 05 e9 22 e7 fd ff 33 c0
0x000000006d17e8d0:   c3 cc cc cc cc cc cc cc cc cc cc cc cc cc cc cc 


Register to memory mapping:

RAX=0x000000000000000d is an unknown value
RBX=0x0000000009c321d0 is an unknown value
RCX=0x0000000000000000 is an unknown value
RDX=0xffffffffed013650 is an unknown value
RSP=0x000000000a9bd278 is pointing into the stack for thread: 0x0000000009c32000
RBP=0x0000000009c321d0 is an unknown value
RSI=0x000000000be662f0 is an unknown value
RDI=0x0000000009fd2940 is an unknown value
R8 =0x000000000000a2f0 is an unknown value
R9 =0x0000000002f30000 is an unknown value
R10=0x0000000000ed3650 is an unknown value
R11=0x0000000000000246 is an unknown value
R12=0xffffffffed013650 is an unknown value
R13=0x0000000000000000 is an unknown value
R14=0x0000000013d129a0 is an unknown value
R15=0x0000000009c32000 is a thread


Stack: [0x000000000a8c0000,0x000000000a9c0000],  sp=0x000000000a9bd278,  free space=1012k
Native frames: (J=compiled Java code, j=interpreted, Vv=VM code, C=native code)
C  [awt.dll+0xde8c0]  Java_sun_awt_Win32GraphicsEnvironment_isVistaOS+0xcc0

Java frames: (J=compiled Java code, j=interpreted, Vv=VM code)
j  sun.java2d.windows.GDIBlitLoops.nativeBlit(Lsun/java2d/SurfaceData;Lsun/java2d/SurfaceData;Lsun/java2d/pipe/Region;IIIIIIIIIZ)V+0
j  sun.java2d.windows.GDIBlitLoops.Blit(Lsun/java2d/SurfaceData;Lsun/java2d/SurfaceData;Ljava/awt/Composite;Lsun/java2d/pipe/Region;IIIIII)V+33
J  sun.java2d.pipe.DrawImage.copyImage(Lsun/java2d/SunGraphics2D;Ljava/awt/Image;IILjava/awt/Color;Ljava/awt/image/ImageObserver;)Z
J  javax.swing.RepaintManager$PaintManager.paintDoubleBuffered(Ljavax/swing/JComponent;Ljava/awt/Image;Ljava/awt/Graphics;IIII)V
J  javax.swing.RepaintManager$PaintManager.paint(Ljavax/swing/JComponent;Ljavax/swing/JComponent;Ljava/awt/Graphics;IIII)Z
j  javax.swing.RepaintManager.paint(Ljavax/swing/JComponent;Ljavax/swing/JComponent;Ljava/awt/Graphics;IIII)V+52
J  javax.swing.JComponent.paint(Ljava/awt/Graphics;)V
j  java.awt.GraphicsCallback$PaintCallback.run(Ljava/awt/Component;Ljava/awt/Graphics;)V+2
j  sun.awt.SunGraphicsCallback.runOneComponent(Ljava/awt/Component;Ljava/awt/Rectangle;Ljava/awt/Graphics;Ljava/awt/Shape;I)V+155
j  sun.awt.SunGraphicsCallback.runComponents([Ljava/awt/Component;Ljava/awt/Graphics;I)V+104
j  java.awt.Container.paint(Ljava/awt/Graphics;)V+73
j  java.awt.Window.paint(Ljava/awt/Graphics;)V+72
j  javax.swing.RepaintManager$3.run()Ljava/lang/Void;+136
j  javax.swing.RepaintManager$3.run()Ljava/lang/Object;+1
v  ~StubRoutines::call_stub
J  java.security.AccessController.doPrivileged(Ljava/security/PrivilegedAction;Ljava/security/AccessControlContext;)Ljava/lang/Object;
J  javax.swing.RepaintManager.paintDirtyRegions(Ljava/util/Map;)V
J  javax.swing.RepaintManager$ProcessingRunnable.run()V
J  com.guidewire.studio.util.ModalEventQueue.run()V
j  com.guidewire.studio.main.StudioEventQueue.run()V+13
j  com.guidewire.studio.main.Main$1.run()V+11
j  java.awt.event.InvocationEvent.dispatch()V+47
j  java.awt.EventQueue.dispatchEventImpl(Ljava/awt/AWTEvent;Ljava/lang/Object;)V+21
j  java.awt.EventQueue.access$400(Ljava/awt/EventQueue;Ljava/awt/AWTEvent;Ljava/lang/Object;)V+3
j  java.awt.EventQueue$2.run()Ljava/lang/Void;+12
j  java.awt.EventQueue$2.run()Ljava/lang/Object;+1
v  ~StubRoutines::call_stub
j  java.security.AccessController.doPrivileged(Ljava/security/PrivilegedAction;Ljava/security/AccessControlContext;)Ljava/lang/Object;+0
j  java.security.AccessControlContext$1.doIntersectionPrivilege(Ljava/security/PrivilegedAction;Ljava/security/AccessControlContext;Ljava/security/AccessControlContext;)Ljava/lang/Object;+28
j  java.awt.EventQueue.dispatchEvent(Ljava/awt/AWTEvent;)V+46
j  java.awt.EventDispatchThread.pumpOneEventForFilters(I)Z+204
j  java.awt.EventDispatchThread.pumpEventsForFilter(ILjava/awt/Conditional;Ljava/awt/EventFilter;)V+30
j  java.awt.EventDispatchThread.pumpEventsForHierarchy(ILjava/awt/Conditional;Ljava/awt/Component;)V+11
j  java.awt.EventDispatchThread.pumpEvents(ILjava/awt/Conditional;)V+4
j  java.awt.EventDispatchThread.pumpEvents(Ljava/awt/Conditional;)V+3
j  java.awt.EventDispatchThread.run()V+9
v  ~StubRoutines::call_stub

---------------  P R O C E S S  ---------------

Java Threads: ( => current thread )
  0x000000000bd87000 JavaThread "Thread-8" daemon [_thread_blocked, id=5800, stack(0x0000000019510000,0x0000000019610000)]
  0x000000000bd88800 JavaThread "Thread-7" daemon [_thread_blocked, id=7940, stack(0x0000000019410000,0x0000000019510000)]
  0x000000000bd86800 JavaThread "H2 Log Writer STUDIO" daemon [_thread_blocked, id=11628, stack(0x0000000015040000,0x0000000015140000)]
  0x000000000bd85800 JavaThread "H2 File Lock Watchdog C:\gwcc6\GA_CLAIMCENTER_IMPLEMENTATION-master\ClaimCenter\studio\db\studio.lock.db" daemon [_thread_blocked, id=12988, stack(0x0000000014f40000,0x0000000015040000)]
  0x000000000bd8a000 JavaThread "SourceDiffHandler" [_thread_blocked, id=16292, stack(0x0000000014d40000,0x0000000014e40000)]
  0x000000000bd89000 JavaThread "_mainQueue" [_thread_blocked, id=15852, stack(0x0000000014c40000,0x0000000014d40000)]
  0x000000000b6d5000 JavaThread "LocalDatagramClientThread" daemon [_thread_in_native, id=13840, stack(0x0000000014b40000,0x0000000014c40000)]
  0x000000000b6d0000 JavaThread "_autoSaveHandlerQueue" [_thread_blocked, id=16184, stack(0x0000000014940000,0x0000000014a40000)]
  0x000000000b6d1800 JavaThread "_intellisenseParser" [_thread_blocked, id=9176, stack(0x0000000013390000,0x0000000013490000)]
  0x000000000b6cf800 JavaThread "BackgroundReaperThread" daemon [_thread_blocked, id=3556, stack(0x000000000e060000,0x000000000e160000)]
  0x0000000009715800 JavaThread "Statistics expiration thread" daemon [_thread_blocked, id=8212, stack(0x000000000ce90000,0x000000000cf90000)]
  0x0000000009dbf800 JavaThread "TimerQueue" daemon [_thread_blocked, id=18360, stack(0x000000000c390000,0x000000000c490000)]
  0x00000000045c3800 JavaThread "DestroyJavaVM" [_thread_blocked, id=7812, stack(0x00000000044c0000,0x00000000045c0000)]
=>0x0000000009c32000 JavaThread "AWT-EventQueue-0" [_thread_in_native, id=17128, stack(0x000000000a8c0000,0x000000000a9c0000)]
  0x0000000009c2d000 JavaThread "AWT-Windows" daemon [_thread_in_native, id=12960, stack(0x000000000a6f0000,0x000000000a7f0000)]
  0x0000000009c2c800 JavaThread "AWT-Shutdown" [_thread_blocked, id=17216, stack(0x000000000a5f0000,0x000000000a6f0000)]
  0x0000000009c2b800 JavaThread "Java2D Disposer" daemon [_thread_blocked, id=13956, stack(0x000000000a4f0000,0x000000000a5f0000)]
  0x0000000008cb4800 JavaThread "Low Memory Detector" daemon [_thread_blocked, id=18304, stack(0x00000000092a0000,0x00000000093a0000)]
  0x0000000008ca9800 JavaThread "C2 CompilerThread1" daemon [_thread_blocked, id=3828, stack(0x00000000091a0000,0x00000000092a0000)]
  0x0000000008ca3000 JavaThread "C2 CompilerThread0" daemon [_thread_blocked, id=14148, stack(0x00000000090a0000,0x00000000091a0000)]
  0x0000000008ca2800 JavaThread "Attach Listener" daemon [_thread_blocked, id=16968, stack(0x0000000008fa0000,0x00000000090a0000)]
  0x00000000046be000 JavaThread "Signal Dispatcher" daemon [_thread_blocked, id=11380, stack(0x0000000008ea0000,0x0000000008fa0000)]
  0x0000000004686000 JavaThread "Finalizer" daemon [_thread_blocked, id=17720, stack(0x0000000008ba0000,0x0000000008ca0000)]
  0x0000000004682800 JavaThread "Reference Handler" daemon [_thread_blocked, id=14476, stack(0x0000000008aa0000,0x0000000008ba0000)]

Other Threads:
  0x000000000467b800 VMThread [stack: 0x00000000089a0000,0x0000000008aa0000] [id=14684]
  0x0000000008cce000 WatcherThread [stack: 0x00000000093a0000,0x00000000094a0000] [id=6100]

VM state:not at safepoint (normal execution)

VM Mutex/Monitor currently owned by a thread: None

Heap
 PSYoungGen      total 688192K, used 227174K [0x00000007d5560000, 0x0000000800000000, 0x0000000800000000)
  eden space 688000K, 32% used [0x00000007d5560000,0x00000007e3309ad8,0x00000007ff540000)
  from space 192K, 100% used [0x00000007fffd0000,0x0000000800000000,0x0000000800000000)
  to   space 5504K, 0% used [0x00000007ff540000,0x00000007ff540000,0x00000007ffaa0000)
 PSOldGen        total 1398144K, used 1024330K [0x0000000780000000, 0x00000007d5560000, 0x00000007d5560000)
  object space 1398144K, 73% used [0x0000000780000000,0x00000007be852b98,0x00000007d5560000)
 PSPermGen       total 238720K, used 134150K [0x0000000760000000, 0x000000076e920000, 0x0000000780000000)
  object space 238720K, 56% used [0x0000000760000000,0x00000007683019f0,0x000000076e920000)

Code Cache  [0x00000000046c0000, 0x0000000005f80000, 0x00000000076c0000)
 total_blobs=5956 nmethods=5360 adapters=545 free_code_cache=24685952 largest_free_block=23936

Dynamic libraries:
0x0000000000400000 - 0x000000000042f000 	C:\Program Files\Java\jdk1.6.0_45\jre\bin\java.exe
0x00007ffedf5e0000 - 0x00007ffedf7c0000 	C:\WINDOWS\SYSTEM32\ntdll.dll
0x00007ffedcf80000 - 0x00007ffedd02e000 	C:\WINDOWS\System32\KERNEL32.DLL
0x00007ffedbea0000 - 0x00007ffedc106000 	C:\WINDOWS\System32\KERNELBASE.dll
0x00007ffedcdb0000 - 0x00007ffedce51000 	C:\WINDOWS\System32\ADVAPI32.dll
0x00007ffede470000 - 0x00007ffede50d000 	C:\WINDOWS\System32\msvcrt.dll
0x00007ffedf2b0000 - 0x00007ffedf30b000 	C:\WINDOWS\System32\sechost.dll
0x00007ffede6b0000 - 0x00007ffede7cf000 	C:\WINDOWS\System32\RPCRT4.dll
0x000000006d8e0000 - 0x000000006e09c000 	C:\Program Files\Java\jdk1.6.0_45\jre\bin\server\jvm.dll
0x00007ffedf3b0000 - 0x00007ffedf53f000 	C:\WINDOWS\System32\USER32.dll
0x00007ffedbe80000 - 0x00007ffedbea0000 	C:\WINDOWS\System32\win32u.dll
0x00007ffede510000 - 0x00007ffede538000 	C:\WINDOWS\System32\GDI32.dll
0x00007ffedbc40000 - 0x00007ffedbdd3000 	C:\WINDOWS\System32\gdi32full.dll
0x00007ffedbde0000 - 0x00007ffedbe7b000 	C:\WINDOWS\System32\msvcp_win.dll
0x00007ffedbb40000 - 0x00007ffedbc36000 	C:\WINDOWS\System32\ucrtbase.dll
0x00007ffed00d0000 - 0x00007ffed00f3000 	C:\WINDOWS\SYSTEM32\WINMM.dll
0x00007ffed00a0000 - 0x00007ffed00ca000 	C:\WINDOWS\SYSTEM32\winmmbase.dll
0x00007ffedba90000 - 0x00007ffedbada000 	C:\WINDOWS\System32\cfgmgr32.dll
0x00007ffedf280000 - 0x00007ffedf2ad000 	C:\WINDOWS\System32\IMM32.DLL
0x00007ffededd0000 - 0x00007ffedf0d8000 	C:\WINDOWS\System32\combase.dll
0x00007ffedca30000 - 0x00007ffedcaa2000 	C:\WINDOWS\System32\bcryptPrimitives.dll
0x000000006d850000 - 0x000000006d85e000 	C:\Program Files\Java\jdk1.6.0_45\jre\bin\verify.dll
0x000000006d460000 - 0x000000006d487000 	C:\Program Files\Java\jdk1.6.0_45\jre\bin\java.dll
0x000000006d8a0000 - 0x000000006d8b2000 	C:\Program Files\Java\jdk1.6.0_45\jre\bin\zip.dll
0x000000006d0a0000 - 0x000000006d264000 	C:\Program Files\Java\jdk1.6.0_45\jre\bin\awt.dll
0x00007ffedec80000 - 0x00007ffededc9000 	C:\WINDOWS\System32\ole32.dll
0x00007ffed6100000 - 0x00007ffed6186000 	C:\WINDOWS\SYSTEM32\WINSPOOL.DRV
0x00007ffedd030000 - 0x00007ffede466000 	C:\WINDOWS\System32\SHELL32.dll
0x00007ffedf0e0000 - 0x00007ffedf186000 	C:\WINDOWS\System32\shcore.dll
0x00007ffedaf50000 - 0x00007ffedaf89000 	C:\WINDOWS\SYSTEM32\IPHLPAPI.DLL
0x00007ffedc2e0000 - 0x00007ffedca27000 	C:\WINDOWS\System32\windows.storage.dll
0x00007ffedb490000 - 0x00007ffedb4b5000 	C:\WINDOWS\SYSTEM32\bcrypt.dll
0x00007ffedec20000 - 0x00007ffedec71000 	C:\WINDOWS\System32\shlwapi.dll
0x00007ffedb950000 - 0x00007ffedb961000 	C:\WINDOWS\System32\kernel.appcore.dll
0x00007ffedb990000 - 0x00007ffedb9dc000 	C:\WINDOWS\System32\powrprof.dll
0x00007ffedb930000 - 0x00007ffedb94b000 	C:\WINDOWS\System32\profapi.dll
0x00007ffec2ee0000 - 0x00007ffec3149000 	C:\WINDOWS\WinSxS\amd64_microsoft.windows.common-controls_6595b64144ccf1df_6.0.16299.248_none_15ced204935f55d7\COMCTL32.dll
0x00007ffed91c0000 - 0x00007ffed9248000 	C:\WINDOWS\SYSTEM32\apphelp.dll
0x00007ffed9aa0000 - 0x00007ffed9aca000 	C:\WINDOWS\system32\DWMAPI.DLL
0x00007ffed99b0000 - 0x00007ffed9a45000 	C:\WINDOWS\system32\uxtheme.dll
0x00007ffede540000 - 0x00007ffede6a7000 	C:\WINDOWS\System32\MSCTF.dll
0x00007ffedcce0000 - 0x00007ffedcda5000 	C:\WINDOWS\System32\OLEAUT32.dll
0x000000006d340000 - 0x000000006d3b5000 	C:\Program Files\Java\jdk1.6.0_45\jre\bin\fontmanager.dll
0x000000006d6c0000 - 0x000000006d6d7000 	C:\Program Files\Java\jdk1.6.0_45\jre\bin\net.dll
0x00007ffedf540000 - 0x00007ffedf5ac000 	C:\WINDOWS\System32\WS2_32.dll
0x00007ffedb1c0000 - 0x00007ffedb226000 	C:\WINDOWS\system32\mswsock.dll
0x000000006d6e0000 - 0x000000006d6ec000 	C:\Program Files\Java\jdk1.6.0_45\jre\bin\nio.dll
0x00007ffec5150000 - 0x00007ffec51e8000 	C:\WINDOWS\System32\TextInputFramework.dll
0x00007ffec4e60000 - 0x00007ffec514e000 	C:\WINDOWS\System32\CoreUIComponents.dll
0x00007ffed8ae0000 - 0x00007ffed8bbc000 	C:\WINDOWS\System32\CoreMessaging.dll
0x00007ffeda5a0000 - 0x00007ffeda5d1000 	C:\WINDOWS\SYSTEM32\ntmarta.dll
0x00007ffed70e0000 - 0x00007ffed7216000 	C:\WINDOWS\SYSTEM32\wintypes.dll
0x00007ffecbfb0000 - 0x00007ffecbfc6000 	C:\WINDOWS\system32\napinsp.dll
0x00007ffeccaa0000 - 0x00007ffeccaba000 	C:\WINDOWS\system32\pnrpnsp.dll
0x00007ffed5be0000 - 0x00007ffed5bf8000 	C:\WINDOWS\system32\NLAapi.dll
0x00007ffedaf90000 - 0x00007ffedb046000 	C:\WINDOWS\SYSTEM32\DNSAPI.dll
0x00007ffedce60000 - 0x00007ffedce68000 	C:\WINDOWS\System32\NSI.dll
0x00007ffecd0e0000 - 0x00007ffecd0ee000 	C:\WINDOWS\System32\winrnr.dll
0x00007ffeb8320000 - 0x00007ffeb8335000 	C:\WINDOWS\System32\wshbth.dll
0x00007ffece320000 - 0x00007ffece341000 	C:\WINDOWS\FireEye\NamespaceToEvents.dll
0x00007ffed5520000 - 0x00007ffed552a000 	C:\Windows\System32\rasadhlp.dll
0x00007ffed7ba0000 - 0x00007ffed7c10000 	C:\WINDOWS\System32\fwpuclnt.dll
0x00007ffedb380000 - 0x00007ffedb397000 	C:\WINDOWS\SYSTEM32\CRYPTSP.dll
0x00007ffedab50000 - 0x00007ffedab83000 	C:\WINDOWS\system32\rsaenh.dll
0x00007ffedb830000 - 0x00007ffedb859000 	C:\WINDOWS\SYSTEM32\USERENV.dll
0x00007ffedb3a0000 - 0x00007ffedb3ab000 	C:\WINDOWS\SYSTEM32\CRYPTBASE.dll
0x00007ffedf310000 - 0x00007ffedf3ae000 	C:\WINDOWS\System32\clbcatq.dll
0x00007ffeaae40000 - 0x00007ffeaae8f000 	C:\WINDOWS\system32\dataexchange.dll
0x00007ffed8080000 - 0x00007ffed8362000 	C:\WINDOWS\system32\d3d11.dll
0x00007ffed83d0000 - 0x00007ffed8512000 	C:\WINDOWS\system32\dcomp.dll
0x00007ffeda6b0000 - 0x00007ffeda75f000 	C:\WINDOWS\system32\dxgi.dll
0x00007ffed9bb0000 - 0x00007ffed9d2b000 	C:\WINDOWS\system32\twinapi.appcore.dll
0x00007ffed9b90000 - 0x00007ffed9bb0000 	C:\WINDOWS\system32\RMCLIENT.dll
0x000000006d600000 - 0x000000006d60a000 	C:\Program Files\Java\jdk1.6.0_45\jre\bin\management.dll
0x000000006d2b0000 - 0x000000006d2d8000 	C:\Program Files\Java\jdk1.6.0_45\jre\bin\dcpr.dll
0x00007ffecbc20000 - 0x00007ffecbc85000 	C:\WINDOWS\system32\Ninput.dll
0x00007ffedf190000 - 0x00007ffedf198000 	C:\WINDOWS\System32\PSAPI.DLL

VM Arguments:
jvm_args: -Xms2048m -Xmx2048m -XX:MaxPermSize=512m -Dsun.java2d.noddraw=true -XX:+UseCompressedOops -Ddev.home=C:\gwcc6\GA_CLAIMCENTER_IMPLEMENTATION-master\ClaimCenter -Dant.file=C:\gwcc6\GA_CLAIMCENTER_IMPLEMENTATION-master\ClaimCenter\modules\ant\build.xml -Dant.project.name=ClaimCenter Project Build -Dant.file.ClaimCenter Project Build=C:\gwcc6\GA_CLAIMCENTER_IMPLEMENTATION-master\ClaimCenter\modules\ant\build.xml -Dant.file.Guidewire Ant environment initialization=C:\gwcc6\GA_CLAIMCENTER_IMPLEMENTATION-master\ClaimCenter\modules\ant\init.xml 
java_command: com.guidewire.studio.main.Main -modulesFile C:\gwcc6\GA_CLAIMCENTER_IMPLEMENTATION-master\ClaimCenter\modules\modules.xml -studioDir C:\gwcc6\GA_CLAIMCENTER_IMPLEMENTATION-master\ClaimCenter\studio
Launcher Type: SUN_STANDARD

Environment Variables:
JAVA_HOME=C:\Program Files\Java\jdk1.6.0_45
PATH=C:\ProgramData\Oracle\Java\javapath;C:\WINDOWS\system32;C:\WINDOWS;C:\WINDOWS\System32\Wbem;C:\WINDOWS\System32\WindowsPowerShell\v1.0\;C:\Program Files\Intel\WiFi\bin\;C:\Program Files\Common Files\Intel\WirelessCommon\;C:\Program Files (x86)\Git\cmd;C:\Program Files\Microsoft SQL Server\Client SDK\ODBC\110\Tools\Binn\;C:\Program Files (x86)\Microsoft SQL Server\120\Tools\Binn\ManagementStudio\;C:\Program Files (x86)\Microsoft SQL Server\120\Tools\Binn\;C:\Program Files\Microsoft SQL Server\120\Tools\Binn\;C:\Program Files (x86)\Microsoft SQL Server\120\DTS\Binn\;C:\Program Files\Microsoft SQL Server\120\DTS\Binn\;C:\Program Files (x86)\Skype\Phone\;C:\Program Files\SourceGear\Common\DiffMerge\;C:\Program Files\PuTTY\;C:\Program Files (x86)\GitExtensions\;C:\Users\ababu\AppData\Local\Microsoft\WindowsApps;;C:\Program Files\Java\jdk1.6.0_45\bin;C:\Program Files\Java\jre6\bin;C:\ant171\bin
USERNAME=ababu
OS=Windows_NT
PROCESSOR_IDENTIFIER=Intel64 Family 6 Model 78 Stepping 3, GenuineIntel



---------------  S Y S T E M  ---------------

OS: Windows 8 , 64 bit Build 9200 

CPU:total 4 (2 cores per cpu, 2 threads per core) family 6 model 78 stepping 3, cmov, cx8, fxsr, mmx, sse, sse2, sse3, ssse3, sse4.1, sse4.2, popcnt, ht

Memory: 4k page, physical 33432144k(15692812k free), swap 38412880k(10750788k free)

vm_info: Java HotSpot(TM) 64-Bit Server VM (20.45-b01) for windows-amd64 JRE (1.6.0_45-b06), built on Apr  1 2013 12:31:37 by "java_re" with MS VC++ 8.0 (VS2005)

time: Tue Mar 20 16:48:19 2018
elapsed time: 627443 seconds

