#
# A fatal error has been detected by the Java Runtime Environment:
#
#  EXCEPTION_ACCESS_VIOLATION (0xc0000005) at pc=0x000000006d17e8c0, pid=11616, tid=17456
#
# JRE version: 6.0_45-b06
# Java VM: Java HotSpot(TM) 64-Bit Server VM (20.45-b01 mixed mode windows-amd64 compressed oops)
# Problematic frame:
# C  [awt.dll+0xde8c0]
#
# If you would like to submit a bug report, please visit:
#   http://java.sun.com/webapps/bugreport/crash.jsp
# The crash happened outside the Java Virtual Machine in native code.
# See problematic frame for where to report the bug.
#

---------------  T H R E A D  ---------------

Current thread (0x0000000009574800):  JavaThread "AWT-EventQueue-0" [_thread_in_native, id=17456, stack(0x000000000a8d0000,0x000000000a9d0000)]

siginfo: ExceptionCode=0xc0000005, reading address 0x0000000000000008

Registers:
RAX=0x000000000000000d, RBX=0x00000000095749d0, RCX=0x0000000000000000, RDX=0xffffffff9c01070b
RSP=0x000000000a9ccfa8, RBP=0x00000000095749d0, RSI=0x0000000013955c10, RDI=0x0000000009ddf060
R8 =0x0000000000001521, R9 =0x0000000002f10000, R10=0x00000000009c070b, R11=0x0000000000000246
R12=0xffffffff9c01070b, R13=0x0000000000000000, R14=0x000000000ffc7de0, R15=0x0000000009574800
RIP=0x000000006d17e8c0, EFLAGS=0x0000000000010206

Top of Stack: (sp=0x000000000a9ccfa8)
0x000000000a9ccfa8:   000000006d126844 00000000095749d0
0x000000000a9ccfb8:   0000000013955c10 000000000049414e
0x000000000a9ccfc8:   000000000049414e 0000000760ba64b0
0x000000000a9ccfd8:   00000000095749d0 0000000000000000
0x000000000a9ccfe8:   000000006d103f70 00000000095749d0
0x000000000a9ccff8:   000000000a9cd6c0 000000000a9cd738
0x000000000a9cd008:   0000000013955c10 000000078b8c1a70
0x000000000a9cd018:   000000006d1230e1 00000001000001f6
0x000000000a9cd028:   000000000a9cd730 0000000000000006
0x000000000a9cd038:   000000000a9cd738 0000000100000000
0x000000000a9cd048:   000000078b8ac2a8 0000000000000000
0x000000000a9cd058:   0000000000000000 0000000700000000
0x000000000a9cd068:   00000000059ab054 0000000000000000
0x000000000a9cd078:   0000000000000029 0000000000000031
0x000000000a9cd088:   000000000a9cd0e0 0000000000000000
0x000000000a9cd098:   0000000005ad7c78 00000007ec226590 

Instructions: (pc=0x000000006d17e8c0)
0x000000006d17e8a0:   48 8b 41 08 48 05 00 04 00 00 c3 cc cc cc cc cc
0x000000006d17e8b0:   48 8b 41 08 48 8b 80 18 0c 00 00 c3 cc cc cc cc
0x000000006d17e8c0:   48 8b 49 08 48 85 c9 74 05 e9 22 e7 fd ff 33 c0
0x000000006d17e8d0:   c3 cc cc cc cc cc cc cc cc cc cc cc cc cc cc cc 


Register to memory mapping:

RAX=0x000000000000000d is an unknown value
RBX=0x00000000095749d0 is an unknown value
RCX=0x0000000000000000 is an unknown value
RDX=0xffffffff9c01070b is an unknown value
RSP=0x000000000a9ccfa8 is pointing into the stack for thread: 0x0000000009574800
RBP=0x00000000095749d0 is an unknown value
RSI=0x0000000013955c10 is an unknown value
RDI=0x0000000009ddf060 is an unknown value
R8 =0x0000000000001521 is an unknown value
R9 =0x0000000002f10000 is an unknown value
R10=0x00000000009c070b is an unknown value
R11=0x0000000000000246 is an unknown value
R12=0xffffffff9c01070b is an unknown value
R13=0x0000000000000000 is an unknown value
R14=0x000000000ffc7de0 is an unknown value
R15=0x0000000009574800 is a thread


Stack: [0x000000000a8d0000,0x000000000a9d0000],  sp=0x000000000a9ccfa8,  free space=1011k
Native frames: (J=compiled Java code, j=interpreted, Vv=VM code, C=native code)
C  [awt.dll+0xde8c0]  Java_sun_awt_Win32GraphicsEnvironment_isVistaOS+0xcc0

Java frames: (J=compiled Java code, j=interpreted, Vv=VM code)
j  sun.java2d.windows.GDIBlitLoops.nativeBlit(Lsun/java2d/SurfaceData;Lsun/java2d/SurfaceData;Lsun/java2d/pipe/Region;IIIIIIIIIZ)V+0
j  sun.java2d.windows.GDIBlitLoops.Blit(Lsun/java2d/SurfaceData;Lsun/java2d/SurfaceData;Ljava/awt/Composite;Lsun/java2d/pipe/Region;IIIIII)V+33
j  sun.java2d.pipe.DrawImage.blitSurfaceData(Lsun/java2d/SunGraphics2D;Lsun/java2d/pipe/Region;Lsun/java2d/SurfaceData;Lsun/java2d/SurfaceData;Lsun/java2d/loops/SurfaceType;Lsun/java2d/loops/SurfaceType;IIIIIILjava/awt/Color;)V+97
j  sun.java2d.pipe.DrawImage.renderImageCopy(Lsun/java2d/SunGraphics2D;Ljava/awt/Image;Ljava/awt/Color;IIIIII)Z+75
j  sun.java2d.pipe.DrawImage.copyImage(Lsun/java2d/SunGraphics2D;Ljava/awt/Image;IILjava/awt/Color;)Z+45
j  sun.java2d.pipe.DrawImage.copyImage(Lsun/java2d/SunGraphics2D;Ljava/awt/Image;IILjava/awt/Color;Ljava/awt/image/ImageObserver;)Z+15
J  sun.java2d.SunGraphics2D.drawImage(Ljava/awt/Image;IILjava/awt/Color;Ljava/awt/image/ImageObserver;)Z
J  javax.swing.RepaintManager$PaintManager.paintDoubleBuffered(Ljavax/swing/JComponent;Ljava/awt/Image;Ljava/awt/Graphics;IIII)V
j  javax.swing.RepaintManager$PaintManager.paint(Ljavax/swing/JComponent;Ljavax/swing/JComponent;Ljava/awt/Graphics;IIII)Z+116
j  javax.swing.RepaintManager.paint(Ljavax/swing/JComponent;Ljavax/swing/JComponent;Ljava/awt/Graphics;IIII)V+52
J  javax.swing.JComponent.paint(Ljava/awt/Graphics;)V
j  java.awt.GraphicsCallback$PaintCallback.run(Ljava/awt/Component;Ljava/awt/Graphics;)V+2
j  sun.awt.SunGraphicsCallback.runOneComponent(Ljava/awt/Component;Ljava/awt/Rectangle;Ljava/awt/Graphics;Ljava/awt/Shape;I)V+155
j  sun.awt.SunGraphicsCallback.runComponents([Ljava/awt/Component;Ljava/awt/Graphics;I)V+104
j  java.awt.Container.paint(Ljava/awt/Graphics;)V+73
j  java.awt.Window.paint(Ljava/awt/Graphics;)V+72
j  javax.swing.RepaintManager$3.run()Ljava/lang/Void;+136
j  javax.swing.RepaintManager$3.run()Ljava/lang/Object;+1
v  ~StubRoutines::call_stub
j  java.security.AccessController.doPrivileged(Ljava/security/PrivilegedAction;Ljava/security/AccessControlContext;)Ljava/lang/Object;+0
J  javax.swing.RepaintManager.paintDirtyRegions(Ljava/util/Map;)V
j  javax.swing.RepaintManager.paintDirtyRegions()V+46
j  javax.swing.RepaintManager.prePaintDirtyRegions()V+73
j  javax.swing.RepaintManager.access$1000(Ljavax/swing/RepaintManager;)V+1
j  javax.swing.RepaintManager$ProcessingRunnable.run()V+37
J  com.guidewire.studio.util.ModalEventQueue.run()V
j  com.guidewire.studio.main.StudioEventQueue.run()V+13
j  com.guidewire.studio.main.Main$1.run()V+11
j  java.awt.event.InvocationEvent.dispatch()V+47
j  java.awt.EventQueue.dispatchEventImpl(Ljava/awt/AWTEvent;Ljava/lang/Object;)V+21
j  java.awt.EventQueue.access$400(Ljava/awt/EventQueue;Ljava/awt/AWTEvent;Ljava/lang/Object;)V+3
j  java.awt.EventQueue$2.run()Ljava/lang/Void;+12
j  java.awt.EventQueue$2.run()Ljava/lang/Object;+1
v  ~StubRoutines::call_stub
j  java.security.AccessController.doPrivileged(Ljava/security/PrivilegedAction;Ljava/security/AccessControlContext;)Ljava/lang/Object;+0
j  java.security.AccessControlContext$1.doIntersectionPrivilege(Ljava/security/PrivilegedAction;Ljava/security/AccessControlContext;Ljava/security/AccessControlContext;)Ljava/lang/Object;+28
j  java.awt.EventQueue.dispatchEvent(Ljava/awt/AWTEvent;)V+46
j  java.awt.EventDispatchThread.pumpOneEventForFilters(I)Z+204
j  java.awt.EventDispatchThread.pumpEventsForFilter(ILjava/awt/Conditional;Ljava/awt/EventFilter;)V+30
j  java.awt.EventDispatchThread.pumpEventsForHierarchy(ILjava/awt/Conditional;Ljava/awt/Component;)V+11
j  java.awt.EventDispatchThread.pumpEvents(ILjava/awt/Conditional;)V+4
j  java.awt.EventDispatchThread.pumpEvents(Ljava/awt/Conditional;)V+3
j  java.awt.EventDispatchThread.run()V+9
v  ~StubRoutines::call_stub

---------------  P R O C E S S  ---------------

Java Threads: ( => current thread )
  0x00000000102b6000 JavaThread "Timer-8" [_thread_blocked, id=212, stack(0x00000000204a0000,0x00000000205a0000)]
  0x00000000102b3800 JavaThread "Timer-7" [_thread_blocked, id=7604, stack(0x000000001fca0000,0x000000001fda0000)]
  0x00000000102b1800 JavaThread "_validation_results_filter_update_delay" [_thread_blocked, id=9724, stack(0x000000001a0a0000,0x000000001a1a0000)]
  0x00000000102a9800 JavaThread "Thread-8" daemon [_thread_blocked, id=18176, stack(0x00000000188d0000,0x00000000189d0000)]
  0x00000000102ae000 JavaThread "Thread-7" daemon [_thread_blocked, id=14496, stack(0x00000000187d0000,0x00000000188d0000)]
  0x0000000008cf6800 JavaThread "H2 Log Writer STUDIO" daemon [_thread_blocked, id=14840, stack(0x00000000153d0000,0x00000000154d0000)]
  0x0000000008cf5800 JavaThread "H2 File Lock Watchdog C:\gwcc6\GA_CLAIMCENTER_IMPLEMENTATION-master\ClaimCenter\studio\db\studio.lock.db" daemon [_thread_blocked, id=11164, stack(0x00000000152d0000,0x00000000153d0000)]
  0x0000000008cfa800 JavaThread "SourceDiffHandler" [_thread_blocked, id=7736, stack(0x00000000150d0000,0x00000000151d0000)]
  0x0000000008cfc000 JavaThread "_mainQueue" [_thread_blocked, id=15872, stack(0x0000000014fd0000,0x00000000150d0000)]
  0x0000000008cf8800 JavaThread "LocalDatagramClientThread" daemon [_thread_in_native, id=14076, stack(0x0000000014ed0000,0x0000000014fd0000)]
  0x0000000008cfb800 JavaThread "_autoSaveHandlerQueue" [_thread_blocked, id=11964, stack(0x00000000149d0000,0x0000000014ad0000)]
  0x00000000120b3000 JavaThread "_intellisenseParser" [_thread_blocked, id=16456, stack(0x00000000148d0000,0x00000000149d0000)]
  0x000000000d873800 JavaThread "BackgroundReaperThread" daemon [_thread_blocked, id=12856, stack(0x000000000e7f0000,0x000000000e8f0000)]
  0x000000000be61800 JavaThread "Statistics expiration thread" daemon [_thread_blocked, id=2880, stack(0x000000000d420000,0x000000000d520000)]
  0x0000000009eea000 JavaThread "TimerQueue" daemon [_thread_blocked, id=16748, stack(0x000000000c720000,0x000000000c820000)]
  0x00000000045a3800 JavaThread "DestroyJavaVM" [_thread_blocked, id=10496, stack(0x00000000044a0000,0x00000000045a0000)]
=>0x0000000009574800 JavaThread "AWT-EventQueue-0" [_thread_in_native, id=17456, stack(0x000000000a8d0000,0x000000000a9d0000)]
  0x0000000009573800 JavaThread "AWT-Windows" daemon [_thread_in_native, id=14380, stack(0x000000000a700000,0x000000000a800000)]
  0x0000000009571000 JavaThread "AWT-Shutdown" [_thread_blocked, id=3388, stack(0x000000000a600000,0x000000000a700000)]
  0x0000000009570800 JavaThread "Java2D Disposer" daemon [_thread_blocked, id=17976, stack(0x000000000a450000,0x000000000a550000)]
  0x0000000008c89800 JavaThread "Low Memory Detector" daemon [_thread_blocked, id=12996, stack(0x0000000009270000,0x0000000009370000)]
  0x0000000008c79000 JavaThread "C2 CompilerThread1" daemon [_thread_blocked, id=9916, stack(0x0000000009170000,0x0000000009270000)]
  0x0000000008c75800 JavaThread "C2 CompilerThread0" daemon [_thread_blocked, id=17964, stack(0x0000000009070000,0x0000000009170000)]
  0x0000000008c74800 JavaThread "Attach Listener" daemon [_thread_blocked, id=3944, stack(0x0000000008f70000,0x0000000009070000)]
  0x000000000469d800 JavaThread "Signal Dispatcher" daemon [_thread_blocked, id=2224, stack(0x0000000008e70000,0x0000000008f70000)]
  0x0000000004666000 JavaThread "Finalizer" daemon [_thread_blocked, id=11152, stack(0x0000000008b70000,0x0000000008c70000)]
  0x0000000004662800 JavaThread "Reference Handler" daemon [_thread_blocked, id=11712, stack(0x0000000008a70000,0x0000000008b70000)]

Other Threads:
  0x000000000465b800 VMThread [stack: 0x0000000008970000,0x0000000008a70000] [id=12084]
  0x0000000008ca5800 WatcherThread [stack: 0x0000000009370000,0x0000000009470000] [id=16008]

VM state:not at safepoint (normal execution)

VM Mutex/Monitor currently owned by a thread: None

Heap
 PSYoungGen      total 669120K, used 392578K [0x00000007d5560000, 0x0000000800000000, 0x0000000800000000)
  eden space 652800K, 57% used [0x00000007d5560000,0x00000007ec4d92a0,0x00000007fd2e0000)
  from space 16320K, 99% used [0x00000007fd2e0000,0x00000007fe2c7870,0x00000007fe2d0000)
  to   space 25152K, 0% used [0x00000007fe770000,0x00000007fe770000,0x0000000800000000)
 PSOldGen        total 1398144K, used 887746K [0x0000000780000000, 0x00000007d5560000, 0x00000007d5560000)
  object space 1398144K, 63% used [0x0000000780000000,0x00000007b62f08b8,0x00000007d5560000)
 PSPermGen       total 239424K, used 133954K [0x0000000760000000, 0x000000076e9d0000, 0x0000000780000000)
  object space 239424K, 55% used [0x0000000760000000,0x00000007682d0968,0x000000076e9d0000)

Code Cache  [0x00000000046a0000, 0x0000000005ea0000, 0x00000000076a0000)
 total_blobs=5871 nmethods=5273 adapters=547 free_code_cache=25519296 largest_free_block=23168

Dynamic libraries:
0x0000000000400000 - 0x000000000042f000 	C:\Program Files\Java\jdk1.6.0_45\jre\bin\java.exe
0x00007ff8fc800000 - 0x00007ff8fc9e0000 	C:\WINDOWS\SYSTEM32\ntdll.dll
0x00007ff8fc120000 - 0x00007ff8fc1ce000 	C:\WINDOWS\System32\KERNEL32.DLL
0x00007ff8f9000000 - 0x00007ff8f9266000 	C:\WINDOWS\System32\KERNELBASE.dll
0x00007ff8fa380000 - 0x00007ff8fa421000 	C:\WINDOWS\System32\ADVAPI32.dll
0x00007ff8fc370000 - 0x00007ff8fc40d000 	C:\WINDOWS\System32\msvcrt.dll
0x00007ff8f9ed0000 - 0x00007ff8f9f2b000 	C:\WINDOWS\System32\sechost.dll
0x00007ff8fa7a0000 - 0x00007ff8fa8bf000 	C:\WINDOWS\System32\RPCRT4.dll
0x000000006d8e0000 - 0x000000006e09c000 	C:\Program Files\Java\jdk1.6.0_45\jre\bin\server\jvm.dll
0x00007ff8fc5c0000 - 0x00007ff8fc74f000 	C:\WINDOWS\System32\USER32.dll
0x00007ff8f9b10000 - 0x00007ff8f9b30000 	C:\WINDOWS\System32\win32u.dll
0x00007ff8fa8c0000 - 0x00007ff8fa8e8000 	C:\WINDOWS\System32\GDI32.dll
0x00007ff8f9b30000 - 0x00007ff8f9cc3000 	C:\WINDOWS\System32\gdi32full.dll
0x00007ff8f8c80000 - 0x00007ff8f8d1b000 	C:\WINDOWS\System32\msvcp_win.dll
0x00007ff8f9270000 - 0x00007ff8f9366000 	C:\WINDOWS\System32\ucrtbase.dll
0x00007ff8eb8f0000 - 0x00007ff8eb913000 	C:\WINDOWS\SYSTEM32\WINMM.dll
0x00007ff8eb8c0000 - 0x00007ff8eb8ea000 	C:\WINDOWS\SYSTEM32\WINMMBASE.dll
0x00007ff8f9370000 - 0x00007ff8f93ba000 	C:\WINDOWS\System32\cfgmgr32.dll
0x00007ff8fc410000 - 0x00007ff8fc43d000 	C:\WINDOWS\System32\IMM32.DLL
0x00007ff8fa430000 - 0x00007ff8fa738000 	C:\WINDOWS\System32\combase.dll
0x00007ff8f8c00000 - 0x00007ff8f8c72000 	C:\WINDOWS\System32\bcryptPrimitives.dll
0x000000006d850000 - 0x000000006d85e000 	C:\Program Files\Java\jdk1.6.0_45\jre\bin\verify.dll
0x000000006d460000 - 0x000000006d487000 	C:\Program Files\Java\jdk1.6.0_45\jre\bin\java.dll
0x000000006d8a0000 - 0x000000006d8b2000 	C:\Program Files\Java\jdk1.6.0_45\jre\bin\zip.dll
0x000000006d0a0000 - 0x000000006d264000 	C:\Program Files\Java\jdk1.6.0_45\jre\bin\awt.dll
0x00007ff8f9d80000 - 0x00007ff8f9ec9000 	C:\WINDOWS\System32\ole32.dll
0x00007ff8fa960000 - 0x00007ff8fbd98000 	C:\WINDOWS\System32\SHELL32.dll
0x00007ff8f3450000 - 0x00007ff8f34d6000 	C:\WINDOWS\SYSTEM32\WINSPOOL.DRV
0x00007ff8f9cd0000 - 0x00007ff8f9d76000 	C:\WINDOWS\System32\shcore.dll
0x00007ff8f93c0000 - 0x00007ff8f9b07000 	C:\WINDOWS\System32\windows.storage.dll
0x00007ff8f8170000 - 0x00007ff8f81a9000 	C:\WINDOWS\SYSTEM32\IPHLPAPI.DLL
0x00007ff8f86b0000 - 0x00007ff8f86d5000 	C:\WINDOWS\SYSTEM32\bcrypt.dll
0x00007ff8fa740000 - 0x00007ff8fa791000 	C:\WINDOWS\System32\shlwapi.dll
0x00007ff8f8b70000 - 0x00007ff8f8b81000 	C:\WINDOWS\System32\kernel.appcore.dll
0x00007ff8f8bb0000 - 0x00007ff8f8bfc000 	C:\WINDOWS\System32\powrprof.dll
0x00007ff8f8b90000 - 0x00007ff8f8bab000 	C:\WINDOWS\System32\profapi.dll
0x00007ff8d4f00000 - 0x00007ff8d5169000 	C:\WINDOWS\WinSxS\amd64_microsoft.windows.common-controls_6595b64144ccf1df_6.0.16299.431_none_15c7d3ee93659e73\COMCTL32.dll
0x00007ff8f62f0000 - 0x00007ff8f6378000 	C:\WINDOWS\SYSTEM32\apphelp.dll
0x00007ff8f6ca0000 - 0x00007ff8f6cca000 	C:\WINDOWS\system32\DWMAPI.DLL
0x00007ff8f6b40000 - 0x00007ff8f6bd5000 	C:\WINDOWS\system32\uxtheme.dll
0x00007ff8fbda0000 - 0x00007ff8fbf07000 	C:\WINDOWS\System32\MSCTF.dll
0x00007ff8fc440000 - 0x00007ff8fc505000 	C:\WINDOWS\System32\OLEAUT32.dll
0x000000006d340000 - 0x000000006d3b5000 	C:\Program Files\Java\jdk1.6.0_45\jre\bin\fontmanager.dll
0x000000006d6c0000 - 0x000000006d6d7000 	C:\Program Files\Java\jdk1.6.0_45\jre\bin\net.dll
0x00007ff8fa8f0000 - 0x00007ff8fa95c000 	C:\WINDOWS\System32\WS2_32.dll
0x00007ff8f83e0000 - 0x00007ff8f8446000 	C:\WINDOWS\system32\mswsock.dll
0x000000006d6e0000 - 0x000000006d6ec000 	C:\Program Files\Java\jdk1.6.0_45\jre\bin\nio.dll
0x00007ff8e2180000 - 0x00007ff8e2218000 	C:\WINDOWS\System32\TextInputFramework.dll
0x00007ff8f5730000 - 0x00007ff8f580c000 	C:\WINDOWS\System32\CoreMessaging.dll
0x00007ff8e1e50000 - 0x00007ff8e213e000 	C:\WINDOWS\System32\CoreUIComponents.dll
0x00007ff8f77b0000 - 0x00007ff8f77e1000 	C:\WINDOWS\SYSTEM32\ntmarta.dll
0x00007ff8f5820000 - 0x00007ff8f5956000 	C:\WINDOWS\SYSTEM32\wintypes.dll
0x00007ff8d2fc0000 - 0x00007ff8d2fd6000 	C:\WINDOWS\system32\napinsp.dll
0x00007ff8d2fe0000 - 0x00007ff8d2ffa000 	C:\WINDOWS\system32\pnrpnsp.dll
0x00007ff8f1a60000 - 0x00007ff8f1a78000 	C:\WINDOWS\system32\NLAapi.dll
0x00007ff8f81b0000 - 0x00007ff8f8266000 	C:\WINDOWS\SYSTEM32\DNSAPI.dll
0x00007ff8fbf30000 - 0x00007ff8fbf38000 	C:\WINDOWS\System32\NSI.dll
0x00007ff8d3000000 - 0x00007ff8d300e000 	C:\WINDOWS\System32\winrnr.dll
0x00007ff8d3010000 - 0x00007ff8d3025000 	C:\WINDOWS\System32\wshbth.dll
0x00007ff8e26c0000 - 0x00007ff8e26e1000 	C:\WINDOWS\FireEye\NamespaceToEvents.dll
0x00007ff8f12f0000 - 0x00007ff8f12fa000 	C:\Windows\System32\rasadhlp.dll
0x00007ff8f49c0000 - 0x00007ff8f4a30000 	C:\WINDOWS\System32\fwpuclnt.dll
0x00007ff8f85a0000 - 0x00007ff8f85b7000 	C:\WINDOWS\SYSTEM32\CRYPTSP.dll
0x00007ff8f7dc0000 - 0x00007ff8f7df3000 	C:\WINDOWS\system32\rsaenh.dll
0x00007ff8f8a80000 - 0x00007ff8f8aa9000 	C:\WINDOWS\SYSTEM32\USERENV.dll
0x00007ff8f85c0000 - 0x00007ff8f85cb000 	C:\WINDOWS\SYSTEM32\CRYPTBASE.dll
0x00007ff8fc520000 - 0x00007ff8fc5be000 	C:\WINDOWS\System32\clbcatq.dll
0x00007ff8c97e0000 - 0x00007ff8c982f000 	C:\WINDOWS\system32\dataexchange.dll
0x00007ff8f4a30000 - 0x00007ff8f4d12000 	C:\WINDOWS\system32\d3d11.dll
0x00007ff8f5960000 - 0x00007ff8f5aa2000 	C:\WINDOWS\system32\dcomp.dll
0x00007ff8f78c0000 - 0x00007ff8f796f000 	C:\WINDOWS\system32\dxgi.dll
0x00007ff8f7160000 - 0x00007ff8f72db000 	C:\WINDOWS\system32\twinapi.appcore.dll
0x00007ff8f70d0000 - 0x00007ff8f70f0000 	C:\WINDOWS\system32\RMCLIENT.dll
0x000000006d600000 - 0x000000006d60a000 	C:\Program Files\Java\jdk1.6.0_45\jre\bin\management.dll
0x000000006d2b0000 - 0x000000006d2d8000 	C:\Program Files\Java\jdk1.6.0_45\jre\bin\dcpr.dll
0x00007ff8fc510000 - 0x00007ff8fc518000 	C:\WINDOWS\System32\PSAPI.DLL

VM Arguments:
jvm_args: -Xms2048m -Xmx2048m -XX:MaxPermSize=512m -Dsun.java2d.noddraw=true -XX:+UseCompressedOops -Ddev.home=C:\gwcc6\GA_CLAIMCENTER_IMPLEMENTATION-master\ClaimCenter -Dant.file=C:\gwcc6\GA_CLAIMCENTER_IMPLEMENTATION-master\ClaimCenter\modules\ant\build.xml -Dant.project.name=ClaimCenter Project Build -Dant.file.ClaimCenter Project Build=C:\gwcc6\GA_CLAIMCENTER_IMPLEMENTATION-master\ClaimCenter\modules\ant\build.xml -Dant.file.Guidewire Ant environment initialization=C:\gwcc6\GA_CLAIMCENTER_IMPLEMENTATION-master\ClaimCenter\modules\ant\init.xml 
java_command: com.guidewire.studio.main.Main -modulesFile C:\gwcc6\GA_CLAIMCENTER_IMPLEMENTATION-master\ClaimCenter\modules\modules.xml -studioDir C:\gwcc6\GA_CLAIMCENTER_IMPLEMENTATION-master\ClaimCenter\studio
Launcher Type: SUN_STANDARD

Environment Variables:
JAVA_HOME=C:\Program Files\Java\jdk1.6.0_45
PATH=C:\Program Files (x86)\Common Files\Oracle\Java\javapath;C:\ProgramData\Oracle\Java\javapath;C:\WINDOWS\system32;C:\WINDOWS;C:\WINDOWS\System32\Wbem;C:\WINDOWS\System32\WindowsPowerShell\v1.0\;C:\Program Files\Intel\WiFi\bin\;C:\Program Files\Common Files\Intel\WirelessCommon\;C:\Program Files\Microsoft SQL Server\Client SDK\ODBC\110\Tools\Binn\;C:\Program Files (x86)\Microsoft SQL Server\120\Tools\Binn\ManagementStudio\;C:\Program Files (x86)\Microsoft SQL Server\120\Tools\Binn\;C:\Program Files\Microsoft SQL Server\120\Tools\Binn\;C:\Program Files (x86)\Microsoft SQL Server\120\DTS\Binn\;C:\Program Files\Microsoft SQL Server\120\DTS\Binn\;C:\Program Files (x86)\Skype\Phone\;C:\Program Files\SourceGear\Common\DiffMerge\;C:\Program Files\PuTTY\;C:\Program Files (x86)\GitExtensions\;C:\GIT\Git\cmd;C:\Users\ababu\AppData\Local\Microsoft\WindowsApps;;C:\Program Files\Java\jdk1.6.0_45\bin;C:\Program Files\Java\jre6\bin;C:\ant171\bin
USERNAME=ababu
OS=Windows_NT
PROCESSOR_IDENTIFIER=Intel64 Family 6 Model 78 Stepping 3, GenuineIntel



---------------  S Y S T E M  ---------------

OS: Windows 8 , 64 bit Build 9200 

CPU:total 4 (2 cores per cpu, 2 threads per core) family 6 model 78 stepping 3, cmov, cx8, fxsr, mmx, sse, sse2, sse3, ssse3, sse4.1, sse4.2, popcnt, ht

Memory: 4k page, physical 33432144k(17344020k free), swap 38412880k(9841636k free)

vm_info: Java HotSpot(TM) 64-Bit Server VM (20.45-b01) for windows-amd64 JRE (1.6.0_45-b06), built on Apr  1 2013 12:31:37 by "java_re" with MS VC++ 8.0 (VS2005)

time: Mon Jun 18 19:14:36 2018
elapsed time: 364859 seconds

