#
# A fatal error has been detected by the Java Runtime Environment:
#
#  EXCEPTION_ACCESS_VIOLATION (0xc0000005) at pc=0x000000006d17e8c0, pid=10440, tid=2500
#
# JRE version: 6.0_45-b06
# Java VM: Java HotSpot(TM) 64-Bit Server VM (20.45-b01 mixed mode windows-amd64 compressed oops)
# Problematic frame:
# C  [awt.dll+0xde8c0]
#
# If you would like to submit a bug report, please visit:
#   http://java.sun.com/webapps/bugreport/crash.jsp
# The crash happened outside the Java Virtual Machine in native code.
# See problematic frame for where to report the bug.
#

---------------  T H R E A D  ---------------

Current thread (0x0000000009d60000):  JavaThread "AWT-EventQueue-0" [_thread_in_native, id=2500, stack(0x000000000a870000,0x000000000a970000)]

siginfo: ExceptionCode=0xc0000005, reading address 0x0000000000000008

Registers:
RAX=0x000000000000000d, RBX=0x0000000009d601d0, RCX=0x0000000000000000, RDX=0xffffffffd7011ab3
RSP=0x000000000a96d388, RBP=0x0000000009d601d0, RSI=0x000000000d43ca30, RDI=0x0000000009e7f540
R8 =0x0000000000005019, R9 =0x00000000030f0000, R10=0x0000000000d71ab3, R11=0x0000000000000246
R12=0xffffffffd7011ab3, R13=0x0000000000000000, R14=0x00000000116fa7b0, R15=0x0000000009d60000
RIP=0x000000006d17e8c0, EFLAGS=0x0000000000010202

Top of Stack: (sp=0x000000000a96d388)
0x000000000a96d388:   000000006d126844 0000000009d601d0
0x000000000a96d398:   000000000d43ca30 000000000049414e
0x000000000a96d3a8:   000000000049414e 00000007eb169eb0
0x000000000a96d3b8:   0000000009d601d0 0000000000000000
0x000000000a96d3c8:   000000006d103f70 0000000009d601d0
0x000000000a96d3d8:   000000000a96daa8 000000000a96db20
0x000000000a96d3e8:   000000000d43ca30 0000000009d601d0
0x000000000a96d3f8:   000000006d1230e1 0000000787e628a8
0x000000000a96d408:   000000000a96db18 00000007eb0a0f30
0x000000000a96d418:   000000000a96db20 000000006d20d890
0x000000000a96d428:   0000000009d601d0 0000000789730fe0
0x000000000a96d438:   00000007eb0eb1f8 0000000785de4cc8
0x000000000a96d448:   000000078af15708 0000000000000007
0x000000000a96d458:   000000078af15708 bff0000000000000
0x000000000a96d468:   00000007eb169d10 0000019300000036
0x000000000a96d478:   000000010000015d f0bbc99900000001 

Instructions: (pc=0x000000006d17e8c0)
0x000000006d17e8a0:   48 8b 41 08 48 05 00 04 00 00 c3 cc cc cc cc cc
0x000000006d17e8b0:   48 8b 41 08 48 8b 80 18 0c 00 00 c3 cc cc cc cc
0x000000006d17e8c0:   48 8b 49 08 48 85 c9 74 05 e9 22 e7 fd ff 33 c0
0x000000006d17e8d0:   c3 cc cc cc cc cc cc cc cc cc cc cc cc cc cc cc 


Register to memory mapping:

RAX=0x000000000000000d is an unknown value
RBX=0x0000000009d601d0 is an unknown value
RCX=0x0000000000000000 is an unknown value
RDX=0xffffffffd7011ab3 is an unknown value
RSP=0x000000000a96d388 is pointing into the stack for thread: 0x0000000009d60000
RBP=0x0000000009d601d0 is an unknown value
RSI=0x000000000d43ca30 is an unknown value
RDI=0x0000000009e7f540 is an unknown value
R8 =0x0000000000005019 is an unknown value
R9 =0x00000000030f0000 is an unknown value
R10=0x0000000000d71ab3 is an unknown value
R11=0x0000000000000246 is an unknown value
R12=0xffffffffd7011ab3 is an unknown value
R13=0x0000000000000000 is an unknown value
R14=0x00000000116fa7b0 is an unknown value
R15=0x0000000009d60000 is a thread


Stack: [0x000000000a870000,0x000000000a970000],  sp=0x000000000a96d388,  free space=1012k
Native frames: (J=compiled Java code, j=interpreted, Vv=VM code, C=native code)
C  [awt.dll+0xde8c0]  Java_sun_awt_Win32GraphicsEnvironment_isVistaOS+0xcc0

Java frames: (J=compiled Java code, j=interpreted, Vv=VM code)
j  sun.java2d.windows.GDIBlitLoops.nativeBlit(Lsun/java2d/SurfaceData;Lsun/java2d/SurfaceData;Lsun/java2d/pipe/Region;IIIIIIIIIZ)V+0
j  sun.java2d.windows.GDIBlitLoops.Blit(Lsun/java2d/SurfaceData;Lsun/java2d/SurfaceData;Ljava/awt/Composite;Lsun/java2d/pipe/Region;IIIIII)V+33
J  sun.java2d.pipe.DrawImage.copyImage(Lsun/java2d/SunGraphics2D;Ljava/awt/Image;IILjava/awt/Color;Ljava/awt/image/ImageObserver;)Z
J  sun.java2d.SunGraphics2D.drawImage(Ljava/awt/Image;IILjava/awt/Color;Ljava/awt/image/ImageObserver;)Z
J  javax.swing.RepaintManager$PaintManager.paintDoubleBuffered(Ljavax/swing/JComponent;Ljava/awt/Image;Ljava/awt/Graphics;IIII)V
J  javax.swing.RepaintManager$PaintManager.paint(Ljavax/swing/JComponent;Ljavax/swing/JComponent;Ljava/awt/Graphics;IIII)Z
j  javax.swing.RepaintManager.paint(Ljavax/swing/JComponent;Ljavax/swing/JComponent;Ljava/awt/Graphics;IIII)V+52
J  javax.swing.JComponent.paint(Ljava/awt/Graphics;)V
j  java.awt.GraphicsCallback$PaintCallback.run(Ljava/awt/Component;Ljava/awt/Graphics;)V+2
j  sun.awt.SunGraphicsCallback.runOneComponent(Ljava/awt/Component;Ljava/awt/Rectangle;Ljava/awt/Graphics;Ljava/awt/Shape;I)V+155
j  sun.awt.SunGraphicsCallback.runComponents([Ljava/awt/Component;Ljava/awt/Graphics;I)V+104
j  java.awt.Container.paint(Ljava/awt/Graphics;)V+73
j  java.awt.Window.paint(Ljava/awt/Graphics;)V+72
j  javax.swing.RepaintManager$3.run()Ljava/lang/Void;+136
j  javax.swing.RepaintManager$3.run()Ljava/lang/Object;+1
v  ~StubRoutines::call_stub
J  java.security.AccessController.doPrivileged(Ljava/security/PrivilegedAction;Ljava/security/AccessControlContext;)Ljava/lang/Object;
J  javax.swing.RepaintManager.paintDirtyRegions(Ljava/util/Map;)V
J  javax.swing.RepaintManager.prePaintDirtyRegions()V
J  javax.swing.RepaintManager$ProcessingRunnable.run()V
J  com.guidewire.studio.util.ModalEventQueue.dispatchEvent(Ljava/awt/AWTEvent;)V
J  com.guidewire.studio.util.ModalEventQueue.run()V
j  com.guidewire.studio.main.StudioEventQueue.run()V+13
j  com.guidewire.studio.main.Main$1.run()V+11
j  java.awt.event.InvocationEvent.dispatch()V+47
j  java.awt.EventQueue.dispatchEventImpl(Ljava/awt/AWTEvent;Ljava/lang/Object;)V+21
j  java.awt.EventQueue.access$400(Ljava/awt/EventQueue;Ljava/awt/AWTEvent;Ljava/lang/Object;)V+3
j  java.awt.EventQueue$2.run()Ljava/lang/Void;+12
j  java.awt.EventQueue$2.run()Ljava/lang/Object;+1
v  ~StubRoutines::call_stub
j  java.security.AccessController.doPrivileged(Ljava/security/PrivilegedAction;Ljava/security/AccessControlContext;)Ljava/lang/Object;+0
j  java.security.AccessControlContext$1.doIntersectionPrivilege(Ljava/security/PrivilegedAction;Ljava/security/AccessControlContext;Ljava/security/AccessControlContext;)Ljava/lang/Object;+28
j  java.awt.EventQueue.dispatchEvent(Ljava/awt/AWTEvent;)V+46
j  java.awt.EventDispatchThread.pumpOneEventForFilters(I)Z+204
j  java.awt.EventDispatchThread.pumpEventsForFilter(ILjava/awt/Conditional;Ljava/awt/EventFilter;)V+30
j  java.awt.EventDispatchThread.pumpEventsForHierarchy(ILjava/awt/Conditional;Ljava/awt/Component;)V+11
j  java.awt.EventDispatchThread.pumpEvents(ILjava/awt/Conditional;)V+4
j  java.awt.EventDispatchThread.pumpEvents(Ljava/awt/Conditional;)V+3
j  java.awt.EventDispatchThread.run()V+9
v  ~StubRoutines::call_stub

---------------  P R O C E S S  ---------------

Java Threads: ( => current thread )
  0x000000000d502800 JavaThread "_debuggerTestDebugger.Gosu_Tester" [_thread_blocked, id=16728, stack(0x000000005ce60000,0x000000005cf60000)]
  0x000000000d509000 JavaThread "_debuggerWebUiDebugger.Web_UI" [_thread_blocked, id=5136, stack(0x000000005cd60000,0x000000005ce60000)]
  0x000000000d505800 JavaThread "_validation_results_filter_update_delay" [_thread_blocked, id=11536, stack(0x0000000058860000,0x0000000058960000)]
  0x000000000e811000 JavaThread "Thread-7" daemon [_thread_blocked, id=3416, stack(0x000000001af60000,0x000000001b060000)]
  0x0000000009fbf000 JavaThread "H2 Log Writer STUDIO" daemon [_thread_blocked, id=10040, stack(0x0000000015bc0000,0x0000000015cc0000)]
  0x0000000009fbc800 JavaThread "H2 File Lock Watchdog C:\gwcc6\GA_CLAIMCENTER_IMPLEMENTATION-master\ClaimCenter\studio\db\studio.lock.db" daemon [_thread_blocked, id=12300, stack(0x0000000015ac0000,0x0000000015bc0000)]
  0x0000000009fc0000 JavaThread "SourceDiffHandler" [_thread_blocked, id=1584, stack(0x00000000158c0000,0x00000000159c0000)]
  0x0000000009fbd000 JavaThread "_mainQueue" [_thread_blocked, id=12324, stack(0x00000000157c0000,0x00000000158c0000)]
  0x0000000009fc0800 JavaThread "LocalDatagramClientThread" daemon [_thread_in_native, id=3912, stack(0x00000000156c0000,0x00000000157c0000)]
  0x0000000009fbb000 JavaThread "_autoSaveHandlerQueue" [_thread_blocked, id=9468, stack(0x00000000154c0000,0x00000000155c0000)]
  0x000000000ea34000 JavaThread "_intellisenseParser" [_thread_blocked, id=10664, stack(0x0000000013320000,0x0000000013420000)]
  0x000000000c186800 JavaThread "BackgroundReaperThread" daemon [_thread_blocked, id=11348, stack(0x000000000e010000,0x000000000e110000)]
  0x000000000a117000 JavaThread "Statistics expiration thread" daemon [_thread_blocked, id=11548, stack(0x000000000ce40000,0x000000000cf40000)]
  0x0000000009e86000 JavaThread "TimerQueue" daemon [_thread_blocked, id=12452, stack(0x000000000b370000,0x000000000b470000)]
  0x0000000004783800 JavaThread "DestroyJavaVM" [_thread_blocked, id=7772, stack(0x0000000004680000,0x0000000004780000)]
=>0x0000000009d60000 JavaThread "AWT-EventQueue-0" [_thread_in_native, id=2500, stack(0x000000000a870000,0x000000000a970000)]
  0x00000000096bd800 JavaThread "AWT-Windows" daemon [_thread_in_native, id=960, stack(0x000000000a770000,0x000000000a870000)]
  0x00000000096ba800 JavaThread "AWT-Shutdown" [_thread_blocked, id=6924, stack(0x000000000a670000,0x000000000a770000)]
  0x0000000009c34000 JavaThread "Java2D Disposer" daemon [_thread_blocked, id=6736, stack(0x000000000a570000,0x000000000a670000)]
  0x0000000008dab800 JavaThread "Low Memory Detector" daemon [_thread_blocked, id=6568, stack(0x0000000009390000,0x0000000009490000)]
  0x0000000008d96000 JavaThread "C2 CompilerThread1" daemon [_thread_blocked, id=1732, stack(0x0000000009290000,0x0000000009390000)]
  0x0000000008d94000 JavaThread "C2 CompilerThread0" daemon [_thread_blocked, id=10808, stack(0x0000000009190000,0x0000000009290000)]
  0x0000000008d93000 JavaThread "Attach Listener" daemon [_thread_blocked, id=3304, stack(0x0000000009090000,0x0000000009190000)]
  0x000000000487e800 JavaThread "Signal Dispatcher" daemon [_thread_blocked, id=9256, stack(0x0000000008f90000,0x0000000009090000)]
  0x0000000004846000 JavaThread "Finalizer" daemon [_thread_blocked, id=2720, stack(0x0000000008c90000,0x0000000008d90000)]
  0x0000000004842800 JavaThread "Reference Handler" daemon [_thread_blocked, id=5508, stack(0x0000000008b90000,0x0000000008c90000)]

Other Threads:
  0x000000000483b800 VMThread [stack: 0x0000000008a90000,0x0000000008b90000] [id=1968]
  0x0000000008df7800 WatcherThread [stack: 0x0000000009490000,0x0000000009590000] [id=1260]

VM state:not at safepoint (normal execution)

VM Mutex/Monitor currently owned by a thread: None

Heap
 PSYoungGen      total 685440K, used 539193K [0x00000007d5560000, 0x0000000800000000, 0x0000000800000000)
  eden space 671872K, 80% used [0x00000007d5560000,0x00000007f63ee500,0x00000007fe580000)
  from space 13568K, 0% used [0x00000007ff2c0000,0x00000007ff2c0000,0x0000000800000000)
  to   space 13568K, 0% used [0x00000007fe580000,0x00000007fe580000,0x00000007ff2c0000)
 PSOldGen        total 1398144K, used 886257K [0x0000000780000000, 0x00000007d5560000, 0x00000007d5560000)
  object space 1398144K, 63% used [0x0000000780000000,0x00000007b617c740,0x00000007d5560000)
 PSPermGen       total 253824K, used 140602K [0x0000000760000000, 0x000000076f7e0000, 0x0000000780000000)
  object space 253824K, 55% used [0x0000000760000000,0x000000076894e808,0x000000076f7e0000)

Code Cache  [0x0000000004880000, 0x0000000006540000, 0x0000000007880000)
 total_blobs=6818 nmethods=6210 adapters=555 free_code_cache=20541696 largest_free_block=23808

Dynamic libraries:
0x0000000000400000 - 0x000000000042f000 	C:\Program Files\Java\jdk1.6.0_45\jre\bin\java.exe
0x00007fffff6e0000 - 0x00007fffff8c0000 	C:\WINDOWS\SYSTEM32\ntdll.dll
0x00007ffffeb20000 - 0x00007ffffebce000 	C:\WINDOWS\System32\KERNEL32.DLL
0x00007ffffc390000 - 0x00007ffffc5f6000 	C:\WINDOWS\System32\KERNELBASE.dll
0x00007fffff1b0000 - 0x00007fffff251000 	C:\WINDOWS\System32\ADVAPI32.dll
0x00007fffff110000 - 0x00007fffff1ad000 	C:\WINDOWS\System32\msvcrt.dll
0x00007ffffe4a0000 - 0x00007ffffe4fb000 	C:\WINDOWS\System32\sechost.dll
0x00007ffffea00000 - 0x00007ffffeb1f000 	C:\WINDOWS\System32\RPCRT4.dll
0x000000006d8e0000 - 0x000000006e09c000 	C:\Program Files\Java\jdk1.6.0_45\jre\bin\server\jvm.dll
0x00007ffffe620000 - 0x00007ffffe7af000 	C:\WINDOWS\System32\USER32.dll
0x00007ffffcaf0000 - 0x00007ffffcb10000 	C:\WINDOWS\System32\win32u.dll
0x00007ffffe460000 - 0x00007ffffe488000 	C:\WINDOWS\System32\GDI32.dll
0x00007ffffc950000 - 0x00007ffffcae3000 	C:\WINDOWS\System32\gdi32full.dll
0x00007ffffcb10000 - 0x00007ffffcbab000 	C:\WINDOWS\System32\msvcp_win.dll
0x00007ffffbae0000 - 0x00007ffffbbd6000 	C:\WINDOWS\System32\ucrtbase.dll
0x00007fffedec0000 - 0x00007fffedee3000 	C:\WINDOWS\SYSTEM32\WINMM.dll
0x00007fffede90000 - 0x00007fffedeba000 	C:\WINDOWS\SYSTEM32\winmmbase.dll
0x00007ffffc900000 - 0x00007ffffc94a000 	C:\WINDOWS\System32\cfgmgr32.dll
0x00007ffffe5f0000 - 0x00007ffffe61d000 	C:\WINDOWS\System32\IMM32.DLL
0x00007ffffeda0000 - 0x00007fffff0a8000 	C:\WINDOWS\System32\combase.dll
0x00007ffffc7d0000 - 0x00007ffffc842000 	C:\WINDOWS\System32\bcryptPrimitives.dll
0x000000006d850000 - 0x000000006d85e000 	C:\Program Files\Java\jdk1.6.0_45\jre\bin\verify.dll
0x000000006d460000 - 0x000000006d487000 	C:\Program Files\Java\jdk1.6.0_45\jre\bin\java.dll
0x000000006d8a0000 - 0x000000006d8b2000 	C:\Program Files\Java\jdk1.6.0_45\jre\bin\zip.dll
0x000000006d0a0000 - 0x000000006d264000 	C:\Program Files\Java\jdk1.6.0_45\jre\bin\awt.dll
0x00007ffffe310000 - 0x00007ffffe459000 	C:\WINDOWS\System32\ole32.dll
0x00007ffff5ef0000 - 0x00007ffff5f76000 	C:\WINDOWS\SYSTEM32\WINSPOOL.DRV
0x00007ffffcc30000 - 0x00007ffffe066000 	C:\WINDOWS\System32\SHELL32.dll
0x00007ffffe7b0000 - 0x00007ffffe856000 	C:\WINDOWS\System32\shcore.dll
0x00007ffffbc40000 - 0x00007ffffc387000 	C:\WINDOWS\System32\windows.storage.dll
0x00007ffffb050000 - 0x00007ffffb089000 	C:\WINDOWS\SYSTEM32\IPHLPAPI.DLL
0x00007ffffcbb0000 - 0x00007ffffcc01000 	C:\WINDOWS\System32\shlwapi.dll
0x00007ffffbac0000 - 0x00007ffffbad1000 	C:\WINDOWS\System32\kernel.appcore.dll
0x00007ffffb590000 - 0x00007ffffb5b5000 	C:\WINDOWS\SYSTEM32\bcrypt.dll
0x00007ffffba30000 - 0x00007ffffba7c000 	C:\WINDOWS\System32\powrprof.dll
0x00007ffffba80000 - 0x00007ffffba9b000 	C:\WINDOWS\System32\profapi.dll
0x00007fffd8a60000 - 0x00007fffd8cc9000 	C:\WINDOWS\WinSxS\amd64_microsoft.windows.common-controls_6595b64144ccf1df_6.0.16299.309_none_15cfd4c4935e6b11\COMCTL32.dll
0x00007ffff9230000 - 0x00007ffff92b8000 	C:\WINDOWS\SYSTEM32\apphelp.dll
0x00007ffff9b90000 - 0x00007ffff9bba000 	C:\WINDOWS\system32\DWMAPI.DLL
0x00007ffff9960000 - 0x00007ffff99f5000 	C:\WINDOWS\system32\uxtheme.dll
0x00007ffffebd0000 - 0x00007ffffed37000 	C:\WINDOWS\System32\MSCTF.dll
0x00007ffffe090000 - 0x00007ffffe155000 	C:\WINDOWS\System32\OLEAUT32.dll
0x000000006d340000 - 0x000000006d3b5000 	C:\Program Files\Java\jdk1.6.0_45\jre\bin\fontmanager.dll
0x000000006d6c0000 - 0x000000006d6d7000 	C:\Program Files\Java\jdk1.6.0_45\jre\bin\net.dll
0x00007ffffe580000 - 0x00007ffffe5ec000 	C:\WINDOWS\System32\WS2_32.dll
0x00007ffffb2c0000 - 0x00007ffffb326000 	C:\WINDOWS\system32\mswsock.dll
0x000000006d6e0000 - 0x000000006d6ec000 	C:\Program Files\Java\jdk1.6.0_45\jre\bin\nio.dll
0x00007fffe9dc0000 - 0x00007fffe9e58000 	C:\WINDOWS\System32\TextInputFramework.dll
0x00007fffe9ad0000 - 0x00007fffe9dbe000 	C:\WINDOWS\System32\CoreUIComponents.dll
0x00007ffff7870000 - 0x00007ffff794c000 	C:\WINDOWS\System32\CoreMessaging.dll
0x00007ffff86f0000 - 0x00007ffff8826000 	C:\WINDOWS\SYSTEM32\wintypes.dll
0x00007ffffa680000 - 0x00007ffffa6b1000 	C:\WINDOWS\SYSTEM32\ntmarta.dll
0x00007fffd8d00000 - 0x00007fffd8d16000 	C:\WINDOWS\system32\napinsp.dll
0x00007fffd8d20000 - 0x00007fffd8d3a000 	C:\WINDOWS\system32\pnrpnsp.dll
0x00007ffff5660000 - 0x00007ffff5678000 	C:\WINDOWS\system32\NLAapi.dll
0x00007ffffb090000 - 0x00007ffffb146000 	C:\WINDOWS\SYSTEM32\DNSAPI.dll
0x00007ffffe080000 - 0x00007ffffe088000 	C:\WINDOWS\System32\NSI.dll
0x00007fffd8d60000 - 0x00007fffd8d6e000 	C:\WINDOWS\System32\winrnr.dll
0x00007fffd8d70000 - 0x00007fffd8d85000 	C:\WINDOWS\System32\wshbth.dll
0x00007ffff3ac0000 - 0x00007ffff3ae1000 	C:\WINDOWS\FireEye\NamespaceToEvents.dll
0x00007ffff55e0000 - 0x00007ffff55ea000 	C:\Windows\System32\rasadhlp.dll
0x00007ffff7950000 - 0x00007ffff79c0000 	C:\WINDOWS\System32\fwpuclnt.dll
0x00007ffffb480000 - 0x00007ffffb497000 	C:\WINDOWS\SYSTEM32\CRYPTSP.dll
0x00007ffffaca0000 - 0x00007ffffacd3000 	C:\WINDOWS\system32\rsaenh.dll
0x00007ffffb930000 - 0x00007ffffb959000 	C:\WINDOWS\SYSTEM32\USERENV.dll
0x00007ffffb4a0000 - 0x00007ffffb4ab000 	C:\WINDOWS\SYSTEM32\CRYPTBASE.dll
0x00007ffffe160000 - 0x00007ffffe1fe000 	C:\WINDOWS\System32\clbcatq.dll
0x00007fffcce70000 - 0x00007fffccebf000 	C:\WINDOWS\system32\dataexchange.dll
0x00007ffff7f80000 - 0x00007ffff8262000 	C:\WINDOWS\system32\d3d11.dll
0x00007ffff8850000 - 0x00007ffff8992000 	C:\WINDOWS\system32\dcomp.dll
0x00007ffffa7a0000 - 0x00007ffffa84f000 	C:\WINDOWS\system32\dxgi.dll
0x00007ffffa080000 - 0x00007ffffa1fb000 	C:\WINDOWS\system32\twinapi.appcore.dll
0x00007ffff9ff0000 - 0x00007ffffa010000 	C:\WINDOWS\system32\RMCLIENT.dll
0x000000006d600000 - 0x000000006d60a000 	C:\Program Files\Java\jdk1.6.0_45\jre\bin\management.dll
0x000000006d2b0000 - 0x000000006d2d8000 	C:\Program Files\Java\jdk1.6.0_45\jre\bin\dcpr.dll
0x00007ffffe490000 - 0x00007ffffe498000 	C:\WINDOWS\System32\PSAPI.DLL

VM Arguments:
jvm_args: -Xms2048m -Xmx2048m -XX:MaxPermSize=512m -Dsun.java2d.noddraw=true -XX:+UseCompressedOops -Ddev.home=C:\gwcc6\GA_CLAIMCENTER_IMPLEMENTATION-master\ClaimCenter -Dant.file=C:\gwcc6\GA_CLAIMCENTER_IMPLEMENTATION-master\ClaimCenter\modules\ant\build.xml -Dant.project.name=ClaimCenter Project Build -Dant.file.ClaimCenter Project Build=C:\gwcc6\GA_CLAIMCENTER_IMPLEMENTATION-master\ClaimCenter\modules\ant\build.xml -Dant.file.Guidewire Ant environment initialization=C:\gwcc6\GA_CLAIMCENTER_IMPLEMENTATION-master\ClaimCenter\modules\ant\init.xml 
java_command: com.guidewire.studio.main.Main -modulesFile C:\gwcc6\GA_CLAIMCENTER_IMPLEMENTATION-master\ClaimCenter\modules\modules.xml -studioDir C:\gwcc6\GA_CLAIMCENTER_IMPLEMENTATION-master\ClaimCenter\studio
Launcher Type: SUN_STANDARD

Environment Variables:
JAVA_HOME=C:\Program Files\Java\jdk1.6.0_45
PATH=C:\ProgramData\Oracle\Java\javapath;C:\WINDOWS\system32;C:\WINDOWS;C:\WINDOWS\System32\Wbem;C:\WINDOWS\System32\WindowsPowerShell\v1.0\;C:\Program Files\Intel\WiFi\bin\;C:\Program Files\Common Files\Intel\WirelessCommon\;C:\Program Files (x86)\Git\cmd;C:\Program Files\Microsoft SQL Server\Client SDK\ODBC\110\Tools\Binn\;C:\Program Files (x86)\Microsoft SQL Server\120\Tools\Binn\ManagementStudio\;C:\Program Files (x86)\Microsoft SQL Server\120\Tools\Binn\;C:\Program Files\Microsoft SQL Server\120\Tools\Binn\;C:\Program Files (x86)\Microsoft SQL Server\120\DTS\Binn\;C:\Program Files\Microsoft SQL Server\120\DTS\Binn\;C:\Program Files (x86)\Skype\Phone\;C:\Program Files\SourceGear\Common\DiffMerge\;C:\Program Files\PuTTY\;C:\Program Files (x86)\GitExtensions\;C:\Users\ababu\AppData\Local\Microsoft\WindowsApps;;C:\Program Files\Java\jdk1.6.0_45\bin;C:\Program Files\Java\jre6\bin;C:\ant171\bin
USERNAME=ababu
OS=Windows_NT
PROCESSOR_IDENTIFIER=Intel64 Family 6 Model 78 Stepping 3, GenuineIntel



---------------  S Y S T E M  ---------------

OS: Windows 8 , 64 bit Build 9200 

CPU:total 4 (2 cores per cpu, 2 threads per core) family 6 model 78 stepping 3, cmov, cx8, fxsr, mmx, sse, sse2, sse3, ssse3, sse4.1, sse4.2, popcnt, ht

Memory: 4k page, physical 33432144k(16444176k free), swap 38412880k(12030412k free)

vm_info: Java HotSpot(TM) 64-Bit Server VM (20.45-b01) for windows-amd64 JRE (1.6.0_45-b06), built on Apr  1 2013 12:31:37 by "java_re" with MS VC++ 8.0 (VS2005)

time: Sun May 06 14:34:38 2018
elapsed time: 1479788 seconds

