#
# A fatal error has been detected by the Java Runtime Environment:
#
#  EXCEPTION_ACCESS_VIOLATION (0xc0000005) at pc=0x000000006d17e8c0, pid=8724, tid=11284
#
# JRE version: 6.0_45-b06
# Java VM: Java HotSpot(TM) 64-Bit Server VM (20.45-b01 mixed mode windows-amd64 compressed oops)
# Problematic frame:
# C  [awt.dll+0xde8c0]
#
# If you would like to submit a bug report, please visit:
#   http://java.sun.com/webapps/bugreport/crash.jsp
# The crash happened outside the Java Virtual Machine in native code.
# See problematic frame for where to report the bug.
#

---------------  T H R E A D  ---------------

Current thread (0x0000000009693000):  JavaThread "AWT-EventQueue-0" [_thread_in_native, id=11284, stack(0x000000000a850000,0x000000000a950000)]

siginfo: ExceptionCode=0xc0000005, reading address 0x0000000000000008

Registers:
RAX=0x000000000000000d, RBX=0x00000000096931d0, RCX=0x0000000000000000, RDX=0x0000000033011c4f
RSP=0x000000000a94ce18, RBP=0x00000000096931d0, RSI=0x000000000faf3150, RDI=0x0000000009ca8160
R8 =0x00000000000054ed, R9 =0x0000000002f20000, R10=0x0000000000331c4f, R11=0x0000000000000246
R12=0x0000000033011c4f, R13=0x0000000000000000, R14=0x00000000138aaca0, R15=0x0000000009693000
RIP=0x000000006d17e8c0, EFLAGS=0x0000000000010202

Top of Stack: (sp=0x000000000a94ce18)
0x000000000a94ce18:   000000006d126844 00000000096931d0
0x000000000a94ce28:   000000000faf3150 000000000049414e
0x000000000a94ce38:   000000000049414e 0000000000000001
0x000000000a94ce48:   00000000096931d0 0000000000000000
0x000000000a94ce58:   000000006d103f70 00000000096931d0
0x000000000a94ce68:   000000000a94d530 000000000a94d5a8
0x000000000a94ce78:   000000000faf3150 000000078b54e408
0x000000000a94ce88:   000000006d1230e1 0000000000000000
0x000000000a94ce98:   000000000a94d5a0 0000000000000000
0x000000000a94cea8:   000000000a94d5a8 00000007ec8a6ba0
0x000000000a94ceb8:   0000000788a999d8 0000077d00000003
0x000000000a94cec8:   000000000a94cfa0 00000007ac2a6f98
0x000000000a94ced8:   00000000053f65d4 0000000000000000
0x000000000a94cee8:   0000000000000029 0000000000000031
0x000000000a94cef8:   0000000005aa5744 000000078b54e408
0x000000000a94cf08:   00000000053f897c 00000000fff0f0f0 

Instructions: (pc=0x000000006d17e8c0)
0x000000006d17e8a0:   48 8b 41 08 48 05 00 04 00 00 c3 cc cc cc cc cc
0x000000006d17e8b0:   48 8b 41 08 48 8b 80 18 0c 00 00 c3 cc cc cc cc
0x000000006d17e8c0:   48 8b 49 08 48 85 c9 74 05 e9 22 e7 fd ff 33 c0
0x000000006d17e8d0:   c3 cc cc cc cc cc cc cc cc cc cc cc cc cc cc cc 


Register to memory mapping:

RAX=0x000000000000000d is an unknown value
RBX=0x00000000096931d0 is an unknown value
RCX=0x0000000000000000 is an unknown value
RDX=0x0000000033011c4f is an unknown value
RSP=0x000000000a94ce18 is pointing into the stack for thread: 0x0000000009693000
RBP=0x00000000096931d0 is an unknown value
RSI=0x000000000faf3150 is an unknown value
RDI=0x0000000009ca8160 is an unknown value
R8 =0x00000000000054ed is an unknown value
R9 =0x0000000002f20000 is an unknown value
R10=0x0000000000331c4f is an unknown value
R11=0x0000000000000246 is an unknown value
R12=0x0000000033011c4f is an unknown value
R13=0x0000000000000000 is an unknown value
R14=0x00000000138aaca0 is an unknown value
R15=0x0000000009693000 is a thread


Stack: [0x000000000a850000,0x000000000a950000],  sp=0x000000000a94ce18,  free space=1011k
Native frames: (J=compiled Java code, j=interpreted, Vv=VM code, C=native code)
C  [awt.dll+0xde8c0]  Java_sun_awt_Win32GraphicsEnvironment_isVistaOS+0xcc0

Java frames: (J=compiled Java code, j=interpreted, Vv=VM code)
j  sun.java2d.windows.GDIBlitLoops.nativeBlit(Lsun/java2d/SurfaceData;Lsun/java2d/SurfaceData;Lsun/java2d/pipe/Region;IIIIIIIIIZ)V+0
j  sun.java2d.windows.GDIBlitLoops.Blit(Lsun/java2d/SurfaceData;Lsun/java2d/SurfaceData;Ljava/awt/Composite;Lsun/java2d/pipe/Region;IIIIII)V+33
j  sun.java2d.pipe.DrawImage.blitSurfaceData(Lsun/java2d/SunGraphics2D;Lsun/java2d/pipe/Region;Lsun/java2d/SurfaceData;Lsun/java2d/SurfaceData;Lsun/java2d/loops/SurfaceType;Lsun/java2d/loops/SurfaceType;IIIIIILjava/awt/Color;)V+97
j  sun.java2d.pipe.DrawImage.renderImageCopy(Lsun/java2d/SunGraphics2D;Ljava/awt/Image;Ljava/awt/Color;IIIIII)Z+75
j  sun.java2d.pipe.DrawImage.copyImage(Lsun/java2d/SunGraphics2D;Ljava/awt/Image;IILjava/awt/Color;)Z+45
j  sun.java2d.pipe.DrawImage.copyImage(Lsun/java2d/SunGraphics2D;Ljava/awt/Image;IILjava/awt/Color;Ljava/awt/image/ImageObserver;)Z+15
J  sun.java2d.SunGraphics2D.drawImage(Ljava/awt/Image;IILjava/awt/Color;Ljava/awt/image/ImageObserver;)Z
J  javax.swing.RepaintManager$PaintManager.paintDoubleBuffered(Ljavax/swing/JComponent;Ljava/awt/Image;Ljava/awt/Graphics;IIII)V
j  javax.swing.RepaintManager$PaintManager.paint(Ljavax/swing/JComponent;Ljavax/swing/JComponent;Ljava/awt/Graphics;IIII)Z+116
j  javax.swing.RepaintManager.paint(Ljavax/swing/JComponent;Ljavax/swing/JComponent;Ljava/awt/Graphics;IIII)V+52
J  javax.swing.JComponent.paint(Ljava/awt/Graphics;)V
j  java.awt.GraphicsCallback$PaintCallback.run(Ljava/awt/Component;Ljava/awt/Graphics;)V+2
j  sun.awt.SunGraphicsCallback.runOneComponent(Ljava/awt/Component;Ljava/awt/Rectangle;Ljava/awt/Graphics;Ljava/awt/Shape;I)V+155
j  sun.awt.SunGraphicsCallback.runComponents([Ljava/awt/Component;Ljava/awt/Graphics;I)V+104
j  java.awt.Container.paint(Ljava/awt/Graphics;)V+73
j  java.awt.Window.paint(Ljava/awt/Graphics;)V+72
j  javax.swing.RepaintManager$3.run()Ljava/lang/Void;+136
j  javax.swing.RepaintManager$3.run()Ljava/lang/Object;+1
v  ~StubRoutines::call_stub
J  java.security.AccessController.doPrivileged(Ljava/security/PrivilegedAction;Ljava/security/AccessControlContext;)Ljava/lang/Object;
J  javax.swing.RepaintManager.paintDirtyRegions(Ljava/util/Map;)V
j  javax.swing.RepaintManager.paintDirtyRegions()V+46
j  javax.swing.RepaintManager.prePaintDirtyRegions()V+73
J  javax.swing.RepaintManager$ProcessingRunnable.run()V
J  com.guidewire.studio.util.ModalEventQueue.dispatchEvent(Ljava/awt/AWTEvent;)V
J  com.guidewire.studio.util.ModalEventQueue.run()V
j  com.guidewire.studio.main.StudioEventQueue.run()V+13
j  com.guidewire.studio.main.Main$1.run()V+11
j  java.awt.event.InvocationEvent.dispatch()V+47
j  java.awt.EventQueue.dispatchEventImpl(Ljava/awt/AWTEvent;Ljava/lang/Object;)V+21
j  java.awt.EventQueue.access$400(Ljava/awt/EventQueue;Ljava/awt/AWTEvent;Ljava/lang/Object;)V+3
j  java.awt.EventQueue$2.run()Ljava/lang/Void;+12
j  java.awt.EventQueue$2.run()Ljava/lang/Object;+1
v  ~StubRoutines::call_stub
j  java.security.AccessController.doPrivileged(Ljava/security/PrivilegedAction;Ljava/security/AccessControlContext;)Ljava/lang/Object;+0
j  java.security.AccessControlContext$1.doIntersectionPrivilege(Ljava/security/PrivilegedAction;Ljava/security/AccessControlContext;Ljava/security/AccessControlContext;)Ljava/lang/Object;+28
j  java.awt.EventQueue.dispatchEvent(Ljava/awt/AWTEvent;)V+46
j  java.awt.EventDispatchThread.pumpOneEventForFilters(I)Z+204
j  java.awt.EventDispatchThread.pumpEventsForFilter(ILjava/awt/Conditional;Ljava/awt/EventFilter;)V+30
j  java.awt.EventDispatchThread.pumpEventsForHierarchy(ILjava/awt/Conditional;Ljava/awt/Component;)V+11
j  java.awt.EventDispatchThread.pumpEvents(ILjava/awt/Conditional;)V+4
j  java.awt.EventDispatchThread.pumpEvents(Ljava/awt/Conditional;)V+3
j  java.awt.EventDispatchThread.run()V+9
v  ~StubRoutines::call_stub

---------------  P R O C E S S  ---------------

Java Threads: ( => current thread )
  0x0000000010617000 JavaThread "Timer-4" [_thread_blocked, id=4756, stack(0x000000002c940000,0x000000002ca40000)]
  0x000000001061c800 JavaThread "_validation_results_filter_update_delay" [_thread_blocked, id=6724, stack(0x000000001a240000,0x000000001a340000)]
  0x0000000011d6c000 JavaThread "Thread-8" daemon [_thread_blocked, id=7940, stack(0x0000000019440000,0x0000000019540000)]
  0x0000000011d6c800 JavaThread "Thread-7" daemon [_thread_blocked, id=12984, stack(0x0000000019340000,0x0000000019440000)]
  0x0000000011d6f000 JavaThread "H2 Log Writer STUDIO" daemon [_thread_blocked, id=10444, stack(0x0000000015f40000,0x0000000016040000)]
  0x0000000011d6a800 JavaThread "H2 File Lock Watchdog C:\gwcc6\GA_CLAIMCENTER_IMPLEMENTATION-master\ClaimCenter\studio\db\studio.lock.db" daemon [_thread_blocked, id=796, stack(0x0000000015e40000,0x0000000015f40000)]
  0x0000000011d71000 JavaThread "SourceDiffHandler" [_thread_blocked, id=4224, stack(0x0000000015c40000,0x0000000015d40000)]
  0x0000000011d6a000 JavaThread "_mainQueue" [_thread_blocked, id=3780, stack(0x0000000015b40000,0x0000000015c40000)]
  0x0000000011d70800 JavaThread "LocalDatagramClientThread" daemon [_thread_in_native, id=1488, stack(0x0000000015a40000,0x0000000015b40000)]
  0x0000000011d6f800 JavaThread "_autoSaveHandlerQueue" [_thread_blocked, id=9896, stack(0x0000000015740000,0x0000000015840000)]
  0x000000000f81f800 JavaThread "_intellisenseParser" [_thread_blocked, id=10344, stack(0x00000000136a0000,0x00000000137a0000)]
  0x000000000aa40000 JavaThread "BackgroundReaperThread" daemon [_thread_blocked, id=3140, stack(0x000000000e390000,0x000000000e490000)]
  0x000000000aca3800 JavaThread "Statistics expiration thread" daemon [_thread_blocked, id=3240, stack(0x000000000d1c0000,0x000000000d2c0000)]
  0x0000000009ca9000 JavaThread "TimerQueue" daemon [_thread_blocked, id=14636, stack(0x000000000c6b0000,0x000000000c7b0000)]
  0x00000000045b3800 JavaThread "DestroyJavaVM" [_thread_blocked, id=7084, stack(0x00000000044b0000,0x00000000045b0000)]
=>0x0000000009693000 JavaThread "AWT-EventQueue-0" [_thread_in_native, id=11284, stack(0x000000000a850000,0x000000000a950000)]
  0x0000000009692800 JavaThread "AWT-Windows" daemon [_thread_in_native, id=220, stack(0x000000000a680000,0x000000000a780000)]
  0x0000000009691800 JavaThread "AWT-Shutdown" [_thread_blocked, id=14696, stack(0x000000000a580000,0x000000000a680000)]
  0x0000000009691000 JavaThread "Java2D Disposer" daemon [_thread_blocked, id=5232, stack(0x000000000a480000,0x000000000a580000)]
  0x0000000008cab800 JavaThread "Low Memory Detector" daemon [_thread_blocked, id=14416, stack(0x00000000092a0000,0x00000000093a0000)]
  0x0000000008ca5800 JavaThread "C2 CompilerThread1" daemon [_thread_blocked, id=6276, stack(0x00000000091a0000,0x00000000092a0000)]
  0x0000000008ca3000 JavaThread "C2 CompilerThread0" daemon [_thread_blocked, id=4856, stack(0x00000000090a0000,0x00000000091a0000)]
  0x0000000008ca2800 JavaThread "Attach Listener" daemon [_thread_blocked, id=6708, stack(0x0000000008fa0000,0x00000000090a0000)]
  0x00000000046ae000 JavaThread "Signal Dispatcher" daemon [_thread_blocked, id=13780, stack(0x0000000008ea0000,0x0000000008fa0000)]
  0x0000000004676000 JavaThread "Finalizer" daemon [_thread_blocked, id=2712, stack(0x0000000008ba0000,0x0000000008ca0000)]
  0x0000000004672800 JavaThread "Reference Handler" daemon [_thread_blocked, id=2444, stack(0x0000000008aa0000,0x0000000008ba0000)]

Other Threads:
  0x000000000466b800 VMThread [stack: 0x00000000089a0000,0x0000000008aa0000] [id=9928]
  0x0000000008cce800 WatcherThread [stack: 0x00000000093a0000,0x00000000094a0000] [id=14320]

VM state:not at safepoint (normal execution)

VM Mutex/Monitor currently owned by a thread: None

Heap
 PSYoungGen      total 676288K, used 394178K [0x00000007d5560000, 0x0000000800000000, 0x0000000800000000)
  eden space 651648K, 60% used [0x00000007d5560000,0x00000007ed36bd28,0x00000007fd1c0000)
  from space 24640K, 12% used [0x00000007fe7f0000,0x00000007fead4d18,0x0000000800000000)
  to   space 22720K, 0% used [0x00000007fd1c0000,0x00000007fd1c0000,0x00000007fe7f0000)
 PSOldGen        total 1398144K, used 876032K [0x0000000780000000, 0x00000007d5560000, 0x00000007d5560000)
  object space 1398144K, 62% used [0x0000000780000000,0x00000007b5780140,0x00000007d5560000)
 PSPermGen       total 239104K, used 132773K [0x0000000760000000, 0x000000076e980000, 0x0000000780000000)
  object space 239104K, 55% used [0x0000000760000000,0x00000007681a9540,0x000000076e980000)

Code Cache  [0x00000000046b0000, 0x0000000005dd0000, 0x00000000076b0000)
 total_blobs=5484 nmethods=4888 adapters=544 free_code_cache=26339264 largest_free_block=7104

Dynamic libraries:
0x0000000000400000 - 0x000000000042f000 	C:\Program Files\Java\jdk1.6.0_45\jre\bin\java.exe
0x00007ff9ed730000 - 0x00007ff9ed910000 	C:\WINDOWS\SYSTEM32\ntdll.dll
0x00007ff9ed5c0000 - 0x00007ff9ed66e000 	C:\WINDOWS\System32\KERNEL32.DLL
0x00007ff9e9d50000 - 0x00007ff9e9fb6000 	C:\WINDOWS\System32\KERNELBASE.dll
0x00007ff9ec4c0000 - 0x00007ff9ec561000 	C:\WINDOWS\System32\ADVAPI32.dll
0x00007ff9ec380000 - 0x00007ff9ec41d000 	C:\WINDOWS\System32\msvcrt.dll
0x00007ff9ed470000 - 0x00007ff9ed4cb000 	C:\WINDOWS\System32\sechost.dll
0x00007ff9ed1c0000 - 0x00007ff9ed2df000 	C:\WINDOWS\System32\RPCRT4.dll
0x000000006d8e0000 - 0x000000006e09c000 	C:\Program Files\Java\jdk1.6.0_45\jre\bin\server\jvm.dll
0x00007ff9ed2e0000 - 0x00007ff9ed46f000 	C:\WINDOWS\System32\USER32.dll
0x00007ff9ea210000 - 0x00007ff9ea230000 	C:\WINDOWS\System32\win32u.dll
0x00007ff9eada0000 - 0x00007ff9eadc8000 	C:\WINDOWS\System32\GDI32.dll
0x00007ff9ea230000 - 0x00007ff9ea3c3000 	C:\WINDOWS\System32\gdi32full.dll
0x00007ff9ea0c0000 - 0x00007ff9ea15b000 	C:\WINDOWS\System32\msvcp_win.dll
0x00007ff9e9fc0000 - 0x00007ff9ea0b6000 	C:\WINDOWS\System32\ucrtbase.dll
0x00007ff9db250000 - 0x00007ff9db273000 	C:\WINDOWS\SYSTEM32\WINMM.dll
0x00007ff9db220000 - 0x00007ff9db24a000 	C:\WINDOWS\SYSTEM32\winmmbase.dll
0x00007ff9e9d00000 - 0x00007ff9e9d4a000 	C:\WINDOWS\System32\cfgmgr32.dll
0x00007ff9ead70000 - 0x00007ff9ead9d000 	C:\WINDOWS\System32\IMM32.DLL
0x00007ff9eceb0000 - 0x00007ff9ed1b8000 	C:\WINDOWS\System32\combase.dll
0x00007ff9eab80000 - 0x00007ff9eabf2000 	C:\WINDOWS\System32\bcryptPrimitives.dll
0x000000006d850000 - 0x000000006d85e000 	C:\Program Files\Java\jdk1.6.0_45\jre\bin\verify.dll
0x000000006d460000 - 0x000000006d487000 	C:\Program Files\Java\jdk1.6.0_45\jre\bin\java.dll
0x000000006d8a0000 - 0x000000006d8b2000 	C:\Program Files\Java\jdk1.6.0_45\jre\bin\zip.dll
0x000000006d0a0000 - 0x000000006d264000 	C:\Program Files\Java\jdk1.6.0_45\jre\bin\awt.dll
0x00007ff9ec570000 - 0x00007ff9ec6b9000 	C:\WINDOWS\System32\ole32.dll
0x00007ff9eaf40000 - 0x00007ff9ec378000 	C:\WINDOWS\System32\SHELL32.dll
0x00007ff9e3dc0000 - 0x00007ff9e3e46000 	C:\WINDOWS\SYSTEM32\WINSPOOL.DRV
0x00007ff9eae90000 - 0x00007ff9eaf36000 	C:\WINDOWS\System32\shcore.dll
0x00007ff9ea430000 - 0x00007ff9eab77000 	C:\WINDOWS\System32\windows.storage.dll
0x00007ff9e90a0000 - 0x00007ff9e90d9000 	C:\WINDOWS\SYSTEM32\IPHLPAPI.DLL
0x00007ff9e95e0000 - 0x00007ff9e9605000 	C:\WINDOWS\SYSTEM32\bcrypt.dll
0x00007ff9ec870000 - 0x00007ff9ec8c1000 	C:\WINDOWS\System32\shlwapi.dll
0x00007ff9e9b10000 - 0x00007ff9e9b21000 	C:\WINDOWS\System32\kernel.appcore.dll
0x00007ff9e9ac0000 - 0x00007ff9e9b0c000 	C:\WINDOWS\System32\powrprof.dll
0x00007ff9e9aa0000 - 0x00007ff9e9abb000 	C:\WINDOWS\System32\profapi.dll
0x00007ff9cc300000 - 0x00007ff9cc569000 	C:\WINDOWS\WinSxS\amd64_microsoft.windows.common-controls_6595b64144ccf1df_6.0.16299.431_none_15c7d3ee93659e73\COMCTL32.dll
0x00007ff9e7310000 - 0x00007ff9e7398000 	C:\WINDOWS\SYSTEM32\apphelp.dll
0x00007ff9e7f20000 - 0x00007ff9e7f4a000 	C:\WINDOWS\system32\DWMAPI.DLL
0x00007ff9e7a70000 - 0x00007ff9e7b05000 	C:\WINDOWS\system32\uxtheme.dll
0x00007ff9eac00000 - 0x00007ff9ead67000 	C:\WINDOWS\System32\MSCTF.dll
0x00007ff9ed4e0000 - 0x00007ff9ed5a5000 	C:\WINDOWS\System32\OLEAUT32.dll
0x000000006d340000 - 0x000000006d3b5000 	C:\Program Files\Java\jdk1.6.0_45\jre\bin\fontmanager.dll
0x000000006d6c0000 - 0x000000006d6d7000 	C:\Program Files\Java\jdk1.6.0_45\jre\bin\net.dll
0x00007ff9ed690000 - 0x00007ff9ed6fc000 	C:\WINDOWS\System32\WS2_32.dll
0x00007ff9e9310000 - 0x00007ff9e9376000 	C:\WINDOWS\system32\mswsock.dll
0x000000006d6e0000 - 0x000000006d6ec000 	C:\Program Files\Java\jdk1.6.0_45\jre\bin\nio.dll
0x00007ff9d70d0000 - 0x00007ff9d7168000 	C:\WINDOWS\System32\TextInputFramework.dll
0x00007ff9d5b90000 - 0x00007ff9d5e7e000 	C:\WINDOWS\System32\CoreUIComponents.dll
0x00007ff9e6650000 - 0x00007ff9e672c000 	C:\WINDOWS\System32\CoreMessaging.dll
0x00007ff9e86d0000 - 0x00007ff9e8701000 	C:\WINDOWS\SYSTEM32\ntmarta.dll
0x00007ff9e5a40000 - 0x00007ff9e5b76000 	C:\WINDOWS\SYSTEM32\wintypes.dll
0x00007ff9cc1d0000 - 0x00007ff9cc1e6000 	C:\WINDOWS\system32\napinsp.dll
0x00007ff9cc1f0000 - 0x00007ff9cc20a000 	C:\WINDOWS\system32\pnrpnsp.dll
0x00007ff9e28b0000 - 0x00007ff9e28c8000 	C:\WINDOWS\system32\NLAapi.dll
0x00007ff9e90e0000 - 0x00007ff9e9196000 	C:\WINDOWS\SYSTEM32\DNSAPI.dll
0x00007ff9ed4d0000 - 0x00007ff9ed4d8000 	C:\WINDOWS\System32\NSI.dll
0x00007ff9cc6d0000 - 0x00007ff9cc6de000 	C:\WINDOWS\System32\winrnr.dll
0x00007ff9cc210000 - 0x00007ff9cc225000 	C:\WINDOWS\System32\wshbth.dll
0x00007ff9cc570000 - 0x00007ff9cc591000 	C:\WINDOWS\FireEye\NamespaceToEvents.dll
0x00007ff9e22b0000 - 0x00007ff9e22ba000 	C:\Windows\System32\rasadhlp.dll
0x00007ff9e55f0000 - 0x00007ff9e5660000 	C:\WINDOWS\System32\fwpuclnt.dll
0x00007ff9e94d0000 - 0x00007ff9e94e7000 	C:\WINDOWS\SYSTEM32\CRYPTSP.dll
0x00007ff9e8cf0000 - 0x00007ff9e8d23000 	C:\WINDOWS\system32\rsaenh.dll
0x00007ff9e9980000 - 0x00007ff9e99a9000 	C:\WINDOWS\SYSTEM32\USERENV.dll
0x00007ff9e94f0000 - 0x00007ff9e94fb000 	C:\WINDOWS\SYSTEM32\CRYPTBASE.dll
0x00007ff9ec420000 - 0x00007ff9ec4be000 	C:\WINDOWS\System32\clbcatq.dll
0x00007ff9e3fb0000 - 0x00007ff9e3fff000 	C:\WINDOWS\system32\dataexchange.dll
0x00007ff9e62c0000 - 0x00007ff9e65a2000 	C:\WINDOWS\system32\d3d11.dll
0x00007ff9e6d50000 - 0x00007ff9e6e92000 	C:\WINDOWS\system32\dcomp.dll
0x00007ff9e87f0000 - 0x00007ff9e889f000 	C:\WINDOWS\system32\dxgi.dll
0x00007ff9e80a0000 - 0x00007ff9e821b000 	C:\WINDOWS\system32\twinapi.appcore.dll
0x00007ff9e8260000 - 0x00007ff9e8280000 	C:\WINDOWS\system32\RMCLIENT.dll
0x000000006d600000 - 0x000000006d60a000 	C:\Program Files\Java\jdk1.6.0_45\jre\bin\management.dll
0x000000006d2b0000 - 0x000000006d2d8000 	C:\Program Files\Java\jdk1.6.0_45\jre\bin\dcpr.dll
0x00007ff9ed5b0000 - 0x00007ff9ed5b8000 	C:\WINDOWS\System32\PSAPI.DLL

VM Arguments:
jvm_args: -Xms2048m -Xmx2048m -XX:MaxPermSize=512m -Dsun.java2d.noddraw=true -XX:+UseCompressedOops -Ddev.home=C:\gwcc6\GA_CLAIMCENTER_IMPLEMENTATION-master\ClaimCenter -Dant.file=C:\gwcc6\GA_CLAIMCENTER_IMPLEMENTATION-master\ClaimCenter\modules\ant\build.xml -Dant.project.name=ClaimCenter Project Build -Dant.file.ClaimCenter Project Build=C:\gwcc6\GA_CLAIMCENTER_IMPLEMENTATION-master\ClaimCenter\modules\ant\build.xml -Dant.file.Guidewire Ant environment initialization=C:\gwcc6\GA_CLAIMCENTER_IMPLEMENTATION-master\ClaimCenter\modules\ant\init.xml 
java_command: com.guidewire.studio.main.Main -modulesFile C:\gwcc6\GA_CLAIMCENTER_IMPLEMENTATION-master\ClaimCenter\modules\modules.xml -studioDir C:\gwcc6\GA_CLAIMCENTER_IMPLEMENTATION-master\ClaimCenter\studio
Launcher Type: SUN_STANDARD

Environment Variables:
JAVA_HOME=C:\Program Files\Java\jdk1.6.0_45
PATH=C:\ProgramData\Oracle\Java\javapath;C:\WINDOWS\system32;C:\WINDOWS;C:\WINDOWS\System32\Wbem;C:\WINDOWS\System32\WindowsPowerShell\v1.0\;C:\Program Files\Intel\WiFi\bin\;C:\Program Files\Common Files\Intel\WirelessCommon\;C:\Program Files (x86)\Git\cmd;C:\Program Files\Microsoft SQL Server\Client SDK\ODBC\110\Tools\Binn\;C:\Program Files (x86)\Microsoft SQL Server\120\Tools\Binn\ManagementStudio\;C:\Program Files (x86)\Microsoft SQL Server\120\Tools\Binn\;C:\Program Files\Microsoft SQL Server\120\Tools\Binn\;C:\Program Files (x86)\Microsoft SQL Server\120\DTS\Binn\;C:\Program Files\Microsoft SQL Server\120\DTS\Binn\;C:\Program Files (x86)\Skype\Phone\;C:\Program Files\SourceGear\Common\DiffMerge\;C:\Program Files\PuTTY\;C:\Program Files (x86)\GitExtensions\;C:\Users\ababu\AppData\Local\Microsoft\WindowsApps;;C:\Program Files\Java\jdk1.6.0_45\bin;C:\Program Files\Java\jre6\bin;C:\ant171\bin
USERNAME=ababu
OS=Windows_NT
PROCESSOR_IDENTIFIER=Intel64 Family 6 Model 78 Stepping 3, GenuineIntel



---------------  S Y S T E M  ---------------

OS: Windows 8 , 64 bit Build 9200 

CPU:total 4 (2 cores per cpu, 2 threads per core) family 6 model 78 stepping 3, cmov, cx8, fxsr, mmx, sse, sse2, sse3, ssse3, sse4.1, sse4.2, popcnt, ht

Memory: 4k page, physical 33432144k(17175176k free), swap 38412880k(16698664k free)

vm_info: Java HotSpot(TM) 64-Bit Server VM (20.45-b01) for windows-amd64 JRE (1.6.0_45-b06), built on Apr  1 2013 12:31:37 by "java_re" with MS VC++ 8.0 (VS2005)

time: Mon Jun 11 18:41:57 2018
elapsed time: 26154 seconds

